2026-01-20 00:03:13 - OKXQuantStrategy - INFO - ✅ 交易所初始化成功（合约模拟盘）
2026-01-20 00:03:13 - OKXQuantStrategy - INFO - ✅ 模型配置: 逻辑回归(权重0.6) + 随机森林(权重0.4)
2026-01-20 00:03:13 - OKXQuantStrategy - INFO - ✅ 仓位配置: 账户权益的10.0%
2026-01-20 00:03:13 - OKXQuantStrategy - INFO - ✅ 止盈止损阈值: 止盈概率≥75.0% | 止损概率≥40.0%
2026-01-20 00:03:13 - OKXQuantStrategy - WARNING - ⚠️  按下Ctrl+C将自动平仓并退出程序
2026-01-20 00:03:13 - OKXQuantStrategy - INFO - ============================================================
2026-01-20 00:03:13 - OKXQuantStrategy - INFO - 📈 OKX合约模拟盘策略启动 | 2026-01-20 00:03:13
2026-01-20 00:03:13 - OKXQuantStrategy - INFO - 📊 交易对:BTC-USDT-SWAP | 杠杆:10倍 | 仓位比例:10.0%
2026-01-20 00:03:13 - OKXQuantStrategy - INFO - ============================================================

2026-01-20 00:03:15 - OKXQuantStrategy - INFO - ✅ 杠杆设置成功 | 10倍
2026-01-20 00:03:15 - OKXQuantStrategy - INFO - ✅ 当前持仓 | 本地记录: 无持仓
2026-01-20 00:03:16 - OKXQuantStrategy - INFO - ✅ 获取K线 | 周期:1h | 数量:300 | 最新价:92153.30
2026-01-20 00:03:16 - OKXQuantStrategy - WARNING - ⚠️  未传入开仓价，成本差特征为0
2026-01-20 00:03:16 - OKXQuantStrategy - INFO - ✅ 特征提取完成 | 有效样本数:281
2026-01-20 00:03:16 - OKXQuantStrategy - INFO - ✅ 标签创建 | 止盈:24.73% | 止损:25.45% | 中性:49.82%
2026-01-20 00:03:16 - OKXQuantStrategy - INFO - ✅ 模型训练完成 | 止盈训练准确率:98.21% | 止盈测试准确率:67.86%
2026-01-20 00:03:16 - OKXQuantStrategy - INFO - ✅ 模型训练完成 | 止损训练准确率:97.89% | 止损测试准确率:64.29%
2026-01-20 00:03:16 - OKXQuantStrategy - INFO - ✅ 交易信号模型训练完成 | 样本数:281 | 上涨概率:50.89%
2026-01-20 00:03:16 - OKXQuantStrategy - INFO - 
---------------------------------------- 第1轮循环 ----------------------------------------
2026-01-20 00:03:16 - OKXQuantStrategy - INFO - ✅ 获取K线 | 周期:1h | 数量:300 | 最新价:92153.30
2026-01-20 00:03:17 - OKXQuantStrategy - INFO - ✅ 获取K线 | 周期:1d | 数量:50 | 最新价:92153.30
2026-01-20 00:03:17 - OKXQuantStrategy - INFO - ✅ 允许交易 | 当前价:92153.30 | 布林下轨:90339.00
2026-01-20 00:03:17 - OKXQuantStrategy - INFO - ✅ 当前持仓 | 本地记录: 无持仓
2026-01-20 00:03:17 - OKXQuantStrategy - INFO - 📊 信号计算 | LR概率:48.67% | RF概率:24.68% | 加权概率:39.07%
2026-01-20 00:03:17 - OKXQuantStrategy - INFO - 📊 交易信号:📈 开多 | 持仓:0
2026-01-20 00:03:17 - OKXQuantStrategy - INFO - 📊 成本差特征生效 | 开仓价:92153.3 | 最新价:92153.3 | 差值比:0.0000
2026-01-20 00:03:17 - OKXQuantStrategy - INFO - ✅ 特征提取完成 | 有效样本数:300
2026-01-20 00:03:17 - OKXQuantStrategy - INFO - 🔍 最新特征值：{'ret': -0.012332804595730055, 'range': 0.02977042784875259, 'vol_ratio': 1.452960176780753, 'ma_ratio': 0.9926276130542728, 'bb_pos': 0.10197327291265329, 'rsi': 34.404128706093005, 'price_diff_ratio': 0.0}
2026-01-20 00:03:17 - OKXQuantStrategy - INFO - ✅ 预测完成 | 止盈概率:67.57% | 止损概率:68.32%
2026-01-20 00:03:17 - OKXQuantStrategy - INFO - 📊 开仓前SLTP检查 | 止盈概率:67.57% | 止损概率:68.32% | 阈值:75.0%/40.0%
2026-01-20 00:03:17 - OKXQuantStrategy - WARNING - ❌ 开仓前SLTP检查失败：概率达到或超过阈值，禁止开仓
2026-01-20 00:03:17 - OKXQuantStrategy - INFO - 📉 因SLTP概率不达标，放弃开仓
2026-01-20 00:03:17 - OKXQuantStrategy - INFO - 
📋 运行统计 | 总交易次数: 0
2026-01-20 00:03:17 - OKXQuantStrategy - INFO - ⏳ 等待300秒后继续...
2026-01-20 00:03:35 - OKXQuantStrategy - INFO - 

🛑 检测到用户终止程序！
2026-01-20 00:03:35 - OKXQuantStrategy - INFO - ✅ 当前无持仓，无需平仓
2026-01-20 00:03:35 - OKXQuantStrategy - INFO - 
📊 策略运行结束 | 总交易次数: 0
2026-01-20 00:03:35 - OKXQuantStrategy - INFO - 🕒 结束时间: 2026-01-20 00:03:35
2026-01-20 00:03:35 - OKXQuantStrategy - INFO - ============================================================
2026-01-20 00:03:59 - OKXQuantStrategy - INFO - ✅ 交易所初始化成功（合约模拟盘）
2026-01-20 00:03:59 - OKXQuantStrategy - INFO - ✅ 模型配置: 逻辑回归(权重0.6) + 随机森林(权重0.4)
2026-01-20 00:03:59 - OKXQuantStrategy - INFO - ✅ 仓位配置: 账户权益的10.0%
2026-01-20 00:03:59 - OKXQuantStrategy - INFO - ✅ 止盈止损阈值: 止盈概率≥60.0% | 止损概率≥60.0%
2026-01-20 00:03:59 - OKXQuantStrategy - WARNING - ⚠️  按下Ctrl+C将自动平仓并退出程序
2026-01-20 00:03:59 - OKXQuantStrategy - INFO - ============================================================
2026-01-20 00:03:59 - OKXQuantStrategy - INFO - 📈 OKX合约模拟盘策略启动 | 2026-01-20 00:03:59
2026-01-20 00:03:59 - OKXQuantStrategy - INFO - 📊 交易对:BTC-USDT-SWAP | 杠杆:10倍 | 仓位比例:10.0%
2026-01-20 00:03:59 - OKXQuantStrategy - INFO - ============================================================

2026-01-20 00:04:00 - OKXQuantStrategy - INFO - ✅ 杠杆设置成功 | 10倍
2026-01-20 00:04:00 - OKXQuantStrategy - INFO - ✅ 当前持仓 | 本地记录: 无持仓
2026-01-20 00:04:01 - OKXQuantStrategy - INFO - ✅ 获取K线 | 周期:1h | 数量:300 | 最新价:92153.30
2026-01-20 00:04:01 - OKXQuantStrategy - WARNING - ⚠️  未传入开仓价，成本差特征为0
2026-01-20 00:04:01 - OKXQuantStrategy - INFO - ✅ 特征提取完成 | 有效样本数:281
2026-01-20 00:04:01 - OKXQuantStrategy - INFO - ✅ 标签创建 | 止盈:24.73% | 止损:25.45% | 中性:49.82%
2026-01-20 00:04:01 - OKXQuantStrategy - INFO - ✅ 模型训练完成 | 止盈训练准确率:98.21% | 止盈测试准确率:67.86%
2026-01-20 00:04:01 - OKXQuantStrategy - INFO - ✅ 模型训练完成 | 止损训练准确率:97.89% | 止损测试准确率:64.29%
2026-01-20 00:04:01 - OKXQuantStrategy - INFO - ✅ 交易信号模型训练完成 | 样本数:281 | 上涨概率:50.89%
2026-01-20 00:04:01 - OKXQuantStrategy - INFO - 
---------------------------------------- 第1轮循环 ----------------------------------------
2026-01-20 00:04:01 - OKXQuantStrategy - INFO - ✅ 获取K线 | 周期:1h | 数量:300 | 最新价:92153.30
2026-01-20 00:04:02 - OKXQuantStrategy - INFO - ✅ 获取K线 | 周期:1d | 数量:50 | 最新价:92153.30
2026-01-20 00:04:02 - OKXQuantStrategy - INFO - ✅ 允许交易 | 当前价:92153.30 | 布林下轨:90339.00
2026-01-20 00:04:02 - OKXQuantStrategy - INFO - ✅ 当前持仓 | 本地记录: 无持仓
2026-01-20 00:04:02 - OKXQuantStrategy - INFO - 📊 信号计算 | LR概率:48.67% | RF概率:24.68% | 加权概率:39.07%
2026-01-20 00:04:02 - OKXQuantStrategy - INFO - 📊 交易信号:📈 开多 | 持仓:0
2026-01-20 00:04:02 - OKXQuantStrategy - INFO - 📊 成本差特征生效 | 开仓价:92153.3 | 最新价:92153.3 | 差值比:0.0000
2026-01-20 00:04:02 - OKXQuantStrategy - INFO - ✅ 特征提取完成 | 有效样本数:300
2026-01-20 00:04:02 - OKXQuantStrategy - INFO - 🔍 最新特征值：{'ret': -0.012332804595730055, 'range': 0.02977042784875259, 'vol_ratio': 1.452960176780753, 'ma_ratio': 0.9926276130542728, 'bb_pos': 0.10197327291265329, 'rsi': 34.404128706093005, 'price_diff_ratio': 0.0}
2026-01-20 00:04:02 - OKXQuantStrategy - INFO - ✅ 预测完成 | 止盈概率:67.57% | 止损概率:68.32%
2026-01-20 00:04:02 - OKXQuantStrategy - INFO - 📊 开仓前SLTP检查 | 止盈概率:67.57% | 止损概率:68.32% | 阈值:60.0%/60.0%
2026-01-20 00:04:02 - OKXQuantStrategy - WARNING - ❌ 开仓前SLTP检查失败：概率达到或超过阈值，禁止开仓
2026-01-20 00:04:02 - OKXQuantStrategy - INFO - 📉 因SLTP概率不达标，放弃开仓
2026-01-20 00:04:02 - OKXQuantStrategy - INFO - 
📋 运行统计 | 总交易次数: 0
2026-01-20 00:04:02 - OKXQuantStrategy - INFO - ⏳ 等待300秒后继续...
2026-01-20 00:04:08 - OKXQuantStrategy - INFO - 

🛑 检测到用户终止程序！
2026-01-20 00:04:08 - OKXQuantStrategy - INFO - ✅ 当前无持仓，无需平仓
2026-01-20 00:04:08 - OKXQuantStrategy - INFO - 
📊 策略运行结束 | 总交易次数: 0
2026-01-20 00:04:08 - OKXQuantStrategy - INFO - 🕒 结束时间: 2026-01-20 00:04:08
2026-01-20 00:04:08 - OKXQuantStrategy - INFO - ============================================================
2026-01-20 00:04:25 - OKXQuantStrategy - INFO - ✅ 交易所初始化成功（合约模拟盘）
2026-01-20 00:04:25 - OKXQuantStrategy - INFO - ✅ 模型配置: 逻辑回归(权重0.6) + 随机森林(权重0.4)
2026-01-20 00:04:25 - OKXQuantStrategy - INFO - ✅ 仓位配置: 账户权益的10.0%
2026-01-20 00:04:25 - OKXQuantStrategy - INFO - ✅ 止盈止损阈值: 止盈概率≥70.0% | 止损概率≥70.0%
2026-01-20 00:04:25 - OKXQuantStrategy - WARNING - ⚠️  按下Ctrl+C将自动平仓并退出程序
2026-01-20 00:04:25 - OKXQuantStrategy - INFO - ============================================================
2026-01-20 00:04:25 - OKXQuantStrategy - INFO - 📈 OKX合约模拟盘策略启动 | 2026-01-20 00:04:25
2026-01-20 00:04:25 - OKXQuantStrategy - INFO - 📊 交易对:BTC-USDT-SWAP | 杠杆:10倍 | 仓位比例:10.0%
2026-01-20 00:04:25 - OKXQuantStrategy - INFO - ============================================================

2026-01-20 00:04:27 - OKXQuantStrategy - INFO - ✅ 杠杆设置成功 | 10倍
2026-01-20 00:04:27 - OKXQuantStrategy - INFO - ✅ 当前持仓 | 本地记录: 无持仓
2026-01-20 00:04:28 - OKXQuantStrategy - INFO - ✅ 获取K线 | 周期:1h | 数量:300 | 最新价:92153.30
2026-01-20 00:04:28 - OKXQuantStrategy - WARNING - ⚠️  未传入开仓价，成本差特征为0
2026-01-20 00:04:28 - OKXQuantStrategy - INFO - ✅ 特征提取完成 | 有效样本数:281
2026-01-20 00:04:28 - OKXQuantStrategy - INFO - ✅ 标签创建 | 止盈:24.73% | 止损:25.45% | 中性:49.82%
2026-01-20 00:04:28 - OKXQuantStrategy - INFO - ✅ 模型训练完成 | 止盈训练准确率:98.21% | 止盈测试准确率:67.86%
2026-01-20 00:04:28 - OKXQuantStrategy - INFO - ✅ 模型训练完成 | 止损训练准确率:97.89% | 止损测试准确率:64.29%
2026-01-20 00:04:28 - OKXQuantStrategy - INFO - ✅ 交易信号模型训练完成 | 样本数:281 | 上涨概率:50.89%
2026-01-20 00:04:28 - OKXQuantStrategy - INFO - 
---------------------------------------- 第1轮循环 ----------------------------------------
2026-01-20 00:04:28 - OKXQuantStrategy - INFO - ✅ 获取K线 | 周期:1h | 数量:300 | 最新价:92153.30
2026-01-20 00:04:29 - OKXQuantStrategy - INFO - ✅ 获取K线 | 周期:1d | 数量:50 | 最新价:92153.30
2026-01-20 00:04:29 - OKXQuantStrategy - INFO - ✅ 允许交易 | 当前价:92153.30 | 布林下轨:90339.00
2026-01-20 00:04:29 - OKXQuantStrategy - INFO - ✅ 当前持仓 | 本地记录: 无持仓
2026-01-20 00:04:29 - OKXQuantStrategy - INFO - 📊 信号计算 | LR概率:48.67% | RF概率:24.68% | 加权概率:39.07%
2026-01-20 00:04:29 - OKXQuantStrategy - INFO - 📊 交易信号:📈 开多 | 持仓:0
2026-01-20 00:04:29 - OKXQuantStrategy - INFO - 📊 成本差特征生效 | 开仓价:92153.3 | 最新价:92153.3 | 差值比:0.0000
2026-01-20 00:04:29 - OKXQuantStrategy - INFO - ✅ 特征提取完成 | 有效样本数:300
2026-01-20 00:04:29 - OKXQuantStrategy - INFO - 🔍 最新特征值：{'ret': -0.012332804595730055, 'range': 0.02977042784875259, 'vol_ratio': 1.452960176780753, 'ma_ratio': 0.9926276130542728, 'bb_pos': 0.10197327291265329, 'rsi': 34.404128706093005, 'price_diff_ratio': 0.0}
2026-01-20 00:04:29 - OKXQuantStrategy - INFO - ✅ 预测完成 | 止盈概率:67.57% | 止损概率:68.32%
2026-01-20 00:04:29 - OKXQuantStrategy - INFO - 📊 开仓前SLTP检查 | 止盈概率:67.57% | 止损概率:68.32% | 阈值:70.0%/70.0%
2026-01-20 00:04:29 - OKXQuantStrategy - INFO - ✅ 开仓前SLTP检查通过：概率低于阈值
2026-01-20 00:04:43 - OKXQuantStrategy - INFO - 📊 仓位计算 | 账户余额: 113601.38918925138 USDT | 最新价: 92486.4 USDT | 下单张数: 1.23
2026-01-20 00:04:43 - OKXQuantStrategy - INFO - 🟢 开多成功 | 订单ID:3232509268357554176 | 价格:92486.40 | 张数:1.23
2026-01-20 00:04:43 - OKXQuantStrategy - INFO - 📊 成本差特征生效 | 开仓价:92486.4 | 最新价:92153.3 | 差值比:-0.0036
2026-01-20 00:04:43 - OKXQuantStrategy - INFO - ✅ 特征提取完成 | 有效样本数:300
2026-01-20 00:04:43 - OKXQuantStrategy - INFO - 🔍 最新特征值：{'ret': -0.012332804595730055, 'range': 0.02977042784875259, 'vol_ratio': 1.452960176780753, 'ma_ratio': 0.9926276130542728, 'bb_pos': 0.10197327291265329, 'rsi': 34.404128706093005, 'price_diff_ratio': -0.003601610615182246}
2026-01-20 00:04:43 - OKXQuantStrategy - INFO - ✅ 预测完成 | 止盈概率:67.57% | 止损概率:68.32%
2026-01-20 00:04:43 - OKXQuantStrategy - INFO - 📊 止盈止损预测 | 止盈概率:67.57% | 止损概率:68.32%
2026-01-20 00:04:43 - OKXQuantStrategy - INFO - 
📋 运行统计 | 总交易次数: 1
2026-01-20 00:04:43 - OKXQuantStrategy - INFO - ⏳ 等待300秒后继续...
2026-01-20 00:09:43 - OKXQuantStrategy - INFO - 
---------------------------------------- 第2轮循环 ----------------------------------------
2026-01-20 00:09:45 - OKXQuantStrategy - INFO - ✅ 获取K线 | 周期:1h | 数量:300 | 最新价:92153.30
2026-01-20 00:09:45 - OKXQuantStrategy - INFO - ✅ 获取K线 | 周期:1d | 数量:50 | 最新价:92153.30
2026-01-20 00:09:45 - OKXQuantStrategy - INFO - ✅ 允许交易 | 当前价:92153.30 | 布林下轨:90339.00
2026-01-20 00:09:46 - OKXQuantStrategy - INFO - ✅ 当前持仓 | 本地记录: 多头持仓
2026-01-20 00:09:46 - OKXQuantStrategy - INFO - 📊 信号计算 | LR概率:48.67% | RF概率:24.68% | 加权概率:39.07%
2026-01-20 00:09:46 - OKXQuantStrategy - INFO - 📊 交易信号:📈 开多 | 持仓:1
2026-01-20 00:09:46 - OKXQuantStrategy - INFO - 📊 成本差特征生效 | 开仓价:92486.4 | 最新价:92153.3 | 差值比:-0.0036
2026-01-20 00:09:46 - OKXQuantStrategy - INFO - ✅ 特征提取完成 | 有效样本数:300
2026-01-20 00:09:46 - OKXQuantStrategy - INFO - 🔍 最新特征值：{'ret': -0.012332804595730055, 'range': 0.02977042784875259, 'vol_ratio': 1.452960176780753, 'ma_ratio': 0.9926276130542728, 'bb_pos': 0.10197327291265329, 'rsi': 34.404128706093005, 'price_diff_ratio': -0.003601610615182246}
2026-01-20 00:09:46 - OKXQuantStrategy - INFO - ✅ 预测完成 | 止盈概率:67.57% | 止损概率:68.32%
2026-01-20 00:09:46 - OKXQuantStrategy - INFO - 📊 止盈止损预测 | 止盈概率:67.57% | 止损概率:68.32%
2026-01-20 00:09:46 - OKXQuantStrategy - INFO - 
📋 运行统计 | 总交易次数: 1
2026-01-20 00:09:46 - OKXQuantStrategy - INFO - ⏳ 等待300秒后继续...
2026-01-20 00:14:46 - OKXQuantStrategy - INFO - 
---------------------------------------- 第3轮循环 ----------------------------------------
2026-01-20 00:14:47 - OKXQuantStrategy - INFO - ✅ 获取K线 | 周期:1h | 数量:300 | 最新价:92153.30
2026-01-20 00:14:47 - OKXQuantStrategy - INFO - ✅ 获取K线 | 周期:1d | 数量:50 | 最新价:92153.30
2026-01-20 00:14:47 - OKXQuantStrategy - INFO - ✅ 允许交易 | 当前价:92153.30 | 布林下轨:90339.00
2026-01-20 00:14:47 - OKXQuantStrategy - INFO - ✅ 当前持仓 | 本地记录: 多头持仓
2026-01-20 00:14:47 - OKXQuantStrategy - INFO - 📊 信号计算 | LR概率:48.67% | RF概率:24.68% | 加权概率:39.07%
2026-01-20 00:14:47 - OKXQuantStrategy - INFO - 📊 交易信号:📈 开多 | 持仓:1
2026-01-20 00:14:47 - OKXQuantStrategy - INFO - 📊 成本差特征生效 | 开仓价:92486.4 | 最新价:92153.3 | 差值比:-0.0036
2026-01-20 00:14:47 - OKXQuantStrategy - INFO - ✅ 特征提取完成 | 有效样本数:300
2026-01-20 00:14:47 - OKXQuantStrategy - INFO - 🔍 最新特征值：{'ret': -0.012332804595730055, 'range': 0.02977042784875259, 'vol_ratio': 1.452960176780753, 'ma_ratio': 0.9926276130542728, 'bb_pos': 0.10197327291265329, 'rsi': 34.404128706093005, 'price_diff_ratio': -0.003601610615182246}
2026-01-20 00:14:47 - OKXQuantStrategy - INFO - ✅ 预测完成 | 止盈概率:67.57% | 止损概率:68.32%
2026-01-20 00:14:47 - OKXQuantStrategy - INFO - 📊 止盈止损预测 | 止盈概率:67.57% | 止损概率:68.32%
2026-01-20 00:14:47 - OKXQuantStrategy - INFO - 
📋 运行统计 | 总交易次数: 1
2026-01-20 00:14:47 - OKXQuantStrategy - INFO - ⏳ 等待300秒后继续...
2026-01-20 00:14:59 - OKXQuantStrategy - INFO - 

🛑 检测到用户终止程序！
2026-01-20 00:14:59 - OKXQuantStrategy - INFO - 
🔴 执行强制平仓操作...
2026-01-20 00:14:59 - OKXQuantStrategy - INFO - 
📌 平仓重试 1/3
2026-01-20 00:15:02 - OKXQuantStrategy - INFO - 📊 仓位计算 | 账户余额: 113484.94921159638 USDT | 最新价: 92301.7 USDT | 下单张数: 1.23
2026-01-20 00:15:02 - OKXQuantStrategy - INFO - 🔴 平仓成功 | 订单ID:3232530045496729600 | 价格:92301.70 | 盈亏:-227.18 USDT
2026-01-20 00:15:02 - OKXQuantStrategy - INFO - ✅ 强制平仓成功！
2026-01-20 00:15:02 - OKXQuantStrategy - INFO - ✅ 所有持仓已清空
2026-01-20 00:15:02 - OKXQuantStrategy - INFO - 
📊 策略运行结束 | 总交易次数: 1
2026-01-20 00:15:02 - OKXQuantStrategy - INFO - 🕒 结束时间: 2026-01-20 00:15:02
2026-01-20 00:15:02 - OKXQuantStrategy - INFO - ============================================================
2026-01-20 00:15:55 - OKXQuantStrategy - INFO - ✅ 交易所初始化成功（合约模拟盘）
2026-01-20 00:15:55 - OKXQuantStrategy - INFO - ✅ 模型配置: 逻辑回归(权重0.6) + 随机森林(权重0.4)
2026-01-20 00:15:55 - OKXQuantStrategy - INFO - ✅ 仓位配置: 账户权益的10.0%
2026-01-20 00:15:55 - OKXQuantStrategy - INFO - ✅ 止盈止损阈值: 止盈概率≥70.0% | 止损概率≥70.0%
2026-01-20 00:15:55 - OKXQuantStrategy - WARNING - ⚠️  按下Ctrl+C将自动平仓并退出程序
2026-01-20 00:15:55 - OKXQuantStrategy - INFO - ============================================================
2026-01-20 00:15:55 - OKXQuantStrategy - INFO - 📈 OKX量化交易策略启动 | 2026-01-20 00:15:55
2026-01-20 00:15:55 - OKXQuantStrategy - INFO - 📊 交易对:BTC-USDT-SWAP | 杠杆:10倍 | 仓位比例:10.0%
2026-01-20 00:15:55 - OKXQuantStrategy - INFO - ============================================================

2026-01-20 00:15:58 - OKXQuantStrategy - WARNING - ⚠️  杠杆设置可能未生效
2026-01-20 00:15:59 - OKXQuantStrategy - INFO - ✅ 当前持仓: 无
2026-01-20 00:16:00 - OKXQuantStrategy - INFO - ✅ 获取K线 | 周期:1h | 数量:300 | 最新价:92153.30
2026-01-20 00:16:00 - OKXQuantStrategy - WARNING - ⚠️  未传入开仓价，成本差特征为0
2026-01-20 00:16:00 - OKXQuantStrategy - INFO - ✅ 特征提取完成 | 有效样本数:281
2026-01-20 00:16:00 - OKXQuantStrategy - INFO - ✅ 标签创建 | 止盈:24.73% | 止损:25.45% | 中性:49.82%
2026-01-20 00:16:01 - OKXQuantStrategy - INFO - ✅ 模型训练完成 | 止盈训练准确率:98.21% | 止盈测试准确率:67.86%
2026-01-20 00:16:01 - OKXQuantStrategy - INFO - ✅ 模型训练完成 | 止损训练准确率:97.89% | 止损测试准确率:64.29%
2026-01-20 00:16:01 - OKXQuantStrategy - INFO - ✅ 交易信号模型训练完成 | 样本数:281 | 上涨概率:50.89%
2026-01-20 00:16:01 - OKXQuantStrategy - INFO - 
---------------------------------------- 第1轮循环 ----------------------------------------
2026-01-20 00:16:01 - OKXQuantStrategy - INFO - ✅ 获取K线 | 周期:1h | 数量:300 | 最新价:92153.30
2026-01-20 00:16:02 - OKXQuantStrategy - INFO - ✅ 获取K线 | 周期:1d | 数量:50 | 最新价:92153.30
2026-01-20 00:16:02 - OKXQuantStrategy - INFO - 📊 布林带过滤 | 当前价:92153.30 | 下轨:90339.00 | ✅ 允许交易
2026-01-20 00:16:03 - OKXQuantStrategy - INFO - ✅ 当前持仓: 无
2026-01-20 00:16:03 - OKXQuantStrategy - INFO - 📊 信号计算 | LR概率:48.67% | RF概率:24.68% | 加权概率:39.07%
2026-01-20 00:16:03 - OKXQuantStrategy - INFO - 📊 交易信号:📈 开多 | 持仓状态:0
2026-01-20 00:16:03 - OKXQuantStrategy - INFO - 📊 成本差特征生效 | 开仓价:92153.3 | 最新价:92153.3 | 差值比:0.0000
2026-01-20 00:16:03 - OKXQuantStrategy - INFO - ✅ 特征提取完成 | 有效样本数:300
2026-01-20 00:16:03 - OKXQuantStrategy - INFO - 🔍 最新特征值：{'ret': -0.012332804595730055, 'range': 0.02977042784875259, 'vol_ratio': 1.452960176780753, 'ma_ratio': 0.9926276130542728, 'bb_pos': 0.10197327291265329, 'rsi': 34.404128706093005, 'price_diff_ratio': 0.0}
2026-01-20 00:16:03 - OKXQuantStrategy - INFO - ✅ 预测完成 | 止盈概率:67.57% | 止损概率:68.32%
2026-01-20 00:16:03 - OKXQuantStrategy - INFO - 📊 开仓前SLTP检查 | 止盈概率:67.57% | 止损概率:68.32% | 阈值:70.0%/70.0%
2026-01-20 00:16:03 - OKXQuantStrategy - INFO - ✅ 开仓前SLTP检查通过：概率低于阈值
2026-01-20 00:16:06 - OKXQuantStrategy - INFO - 📊 仓位计算 | 账户余额: 113597.94032214137 USDT | 最新价: 92331.5 USDT | 下单张数: 1.23
2026-01-20 00:16:07 - OKXQuantStrategy - ERROR - ❌ 开多失败 | 无订单返回数据
2026-01-20 00:16:07 - OKXQuantStrategy - INFO - 
📋 本轮统计 | 总交易次数:0 | 下次循环:300秒后
2026-01-20 00:18:25 - OKXQuantStrategy - INFO - 

🛑 用户中断程序！执行强制平仓...
2026-01-20 00:18:25 - OKXQuantStrategy - INFO - 
🔴 执行强制平仓操作...
2026-01-20 00:18:25 - OKXQuantStrategy - INFO - ✅ 强制平仓完成
2026-01-20 00:18:25 - OKXQuantStrategy - INFO - 
📊 策略运行结束 | 总交易次数:0 | 结束时间:2026-01-20 00:18:25
2026-01-20 00:18:25 - OKXQuantStrategy - INFO - ============================================================
2026-01-20 00:18:50 - OKXQuantStrategy - INFO - ✅ 交易所初始化成功（合约模拟盘）
2026-01-20 00:18:50 - OKXQuantStrategy - INFO - ✅ 模型配置: 逻辑回归(权重0.6) + 随机森林(权重0.4)
2026-01-20 00:18:50 - OKXQuantStrategy - INFO - ✅ 仓位配置: 账户权益的10.0%
2026-01-20 00:18:50 - OKXQuantStrategy - INFO - ✅ 止盈止损阈值: 止盈概率≥70.0% | 止损概率≥70.0%
2026-01-20 00:18:50 - OKXQuantStrategy - WARNING - ⚠️  按下Ctrl+C将自动平仓并退出程序
2026-01-20 00:18:50 - OKXQuantStrategy - INFO - ============================================================
2026-01-20 00:18:50 - OKXQuantStrategy - INFO - 📈 OKX合约模拟盘策略启动 | 2026-01-20 00:18:50
2026-01-20 00:18:50 - OKXQuantStrategy - INFO - 📊 交易对:BTC-USDT-SWAP | 杠杆:10倍 | 仓位比例:10.0%
2026-01-20 00:18:50 - OKXQuantStrategy - INFO - ============================================================

2026-01-20 00:18:51 - OKXQuantStrategy - INFO - ✅ 杠杆设置成功 | 10倍
2026-01-20 00:18:52 - OKXQuantStrategy - INFO - ✅ 当前持仓 | 本地记录: 无持仓
2026-01-20 00:18:52 - OKXQuantStrategy - INFO - ✅ 获取K线 | 周期:1h | 数量:300 | 最新价:92153.30
2026-01-20 00:18:52 - OKXQuantStrategy - WARNING - ⚠️  未传入开仓价，成本差特征为0
2026-01-20 00:18:52 - OKXQuantStrategy - INFO - ✅ 特征提取完成 | 有效样本数:281
2026-01-20 00:18:52 - OKXQuantStrategy - INFO - ✅ 标签创建 | 止盈:24.73% | 止损:25.45% | 中性:49.82%
2026-01-20 00:18:52 - OKXQuantStrategy - INFO - ✅ 模型训练完成 | 止盈训练准确率:98.21% | 止盈测试准确率:67.86%
2026-01-20 00:18:52 - OKXQuantStrategy - INFO - ✅ 模型训练完成 | 止损训练准确率:97.89% | 止损测试准确率:64.29%
2026-01-20 00:18:52 - OKXQuantStrategy - INFO - ✅ 交易信号模型训练完成 | 样本数:281 | 上涨概率:50.89%
2026-01-20 00:18:52 - OKXQuantStrategy - INFO - 
---------------------------------------- 第1轮循环 ----------------------------------------
2026-01-20 00:18:52 - OKXQuantStrategy - INFO - ✅ 获取K线 | 周期:1h | 数量:300 | 最新价:92153.30
2026-01-20 00:18:53 - OKXQuantStrategy - INFO - ✅ 获取K线 | 周期:1d | 数量:50 | 最新价:92153.30
2026-01-20 00:18:53 - OKXQuantStrategy - INFO - ✅ 允许交易 | 当前价:92153.30 | 布林下轨:90339.00
2026-01-20 00:18:53 - OKXQuantStrategy - INFO - ✅ 当前持仓 | 本地记录: 无持仓
2026-01-20 00:18:53 - OKXQuantStrategy - INFO - 📊 信号计算 | LR概率:48.67% | RF概率:24.68% | 加权概率:39.07%
2026-01-20 00:18:53 - OKXQuantStrategy - INFO - 📊 交易信号:📈 开多 | 持仓:0
2026-01-20 00:18:53 - OKXQuantStrategy - INFO - 📊 成本差特征生效 | 开仓价:92153.3 | 最新价:92153.3 | 差值比:0.0000
2026-01-20 00:18:53 - OKXQuantStrategy - INFO - ✅ 特征提取完成 | 有效样本数:300
2026-01-20 00:18:53 - OKXQuantStrategy - INFO - 🔍 最新特征值：{'ret': -0.012332804595730055, 'range': 0.02977042784875259, 'vol_ratio': 1.452960176780753, 'ma_ratio': 0.9926276130542728, 'bb_pos': 0.10197327291265329, 'rsi': 34.404128706093005, 'price_diff_ratio': 0.0}
2026-01-20 00:18:53 - OKXQuantStrategy - INFO - ✅ 预测完成 | 止盈概率:67.57% | 止损概率:68.32%
2026-01-20 00:18:53 - OKXQuantStrategy - INFO - 📊 开仓前SLTP检查 | 止盈概率:67.57% | 止损概率:68.32% | 阈值:70.0%/70.0%
2026-01-20 00:18:53 - OKXQuantStrategy - INFO - ✅ 开仓前SLTP检查通过：概率低于阈值
2026-01-20 00:18:58 - OKXQuantStrategy - INFO - 📊 仓位计算 | 账户余额: 113597.94032214137 USDT | 最新价: 92496.3 USDT | 下单张数: 1.228
2026-01-20 00:18:58 - OKXQuantStrategy - INFO - 📤 提交开多订单 | 参数: {"instId": "BTC-USDT-SWAP", "tdMode": "cross", "side": "buy", "ordType": "market", "sz": "1.228", "posSide": "long", "reduceOnly": false}
2026-01-20 00:18:59 - OKXQuantStrategy - ERROR - ❌ 开多失败 | 无订单返回数据
2026-01-20 00:18:59 - OKXQuantStrategy - INFO - 
📋 运行统计 | 总交易次数: 0
2026-01-20 00:18:59 - OKXQuantStrategy - INFO - ⏳ 等待300秒后继续...
2026-01-20 00:19:00 - OKXQuantStrategy - INFO - 

🛑 检测到用户终止程序！
2026-01-20 00:19:00 - OKXQuantStrategy - INFO - ✅ 当前无持仓，无需平仓
2026-01-20 00:19:00 - OKXQuantStrategy - INFO - 
📊 策略运行结束 | 总交易次数: 0
2026-01-20 00:19:00 - OKXQuantStrategy - INFO - 🕒 结束时间: 2026-01-20 00:19:00
2026-01-20 00:19:00 - OKXQuantStrategy - INFO - ============================================================
2026-01-20 00:23:19 - OKXQuantStrategy - INFO - ✅ 交易所初始化成功（合约模拟盘）
2026-01-20 00:23:19 - OKXQuantStrategy - INFO - ✅ 模型配置: 逻辑回归(权重0.6) + 随机森林(权重0.4)
2026-01-20 00:23:19 - OKXQuantStrategy - INFO - ✅ 仓位配置: 账户权益的10.0%
2026-01-20 00:23:19 - OKXQuantStrategy - INFO - ✅ 止盈止损阈值: 止盈概率≥70.0% | 止损概率≥70.0%
2026-01-20 00:23:19 - OKXQuantStrategy - INFO - ✅ 最小盈亏阈值: 盈利≥0.1% | 亏损≥0.1%
2026-01-20 00:23:19 - OKXQuantStrategy - WARNING - ⚠️  按下Ctrl+C将自动平仓并退出程序
2026-01-20 00:23:19 - OKXQuantStrategy - INFO - ============================================================
2026-01-20 00:23:19 - OKXQuantStrategy - INFO - 📈 OKX合约模拟盘策略启动 | 2026-01-20 00:23:19
2026-01-20 00:23:19 - OKXQuantStrategy - INFO - 📊 交易对:BTC-USDT-SWAP | 杠杆:10倍 | 仓位比例:10.0%
2026-01-20 00:23:19 - OKXQuantStrategy - INFO - ============================================================

2026-01-20 00:23:20 - OKXQuantStrategy - INFO - ✅ 杠杆设置成功 | 10倍
2026-01-20 00:23:21 - OKXQuantStrategy - INFO - ✅ 当前持仓 | 本地记录: 无持仓
2026-01-20 00:23:21 - OKXQuantStrategy - INFO - ✅ 获取K线 | 周期:1h | 数量:300 | 最新价:92153.30
2026-01-20 00:23:21 - OKXQuantStrategy - WARNING - ⚠️  未传入开仓价，成本差特征为0
2026-01-20 00:23:21 - OKXQuantStrategy - INFO - ✅ 特征提取完成 | 有效样本数:281
2026-01-20 00:23:21 - OKXQuantStrategy - INFO - ✅ 标签创建 | 止盈:24.73% | 止损:25.45% | 中性:49.82%
2026-01-20 00:23:21 - OKXQuantStrategy - INFO - ✅ 模型训练完成 | 止盈训练准确率:98.21% | 止盈测试准确率:67.86%
2026-01-20 00:23:21 - OKXQuantStrategy - INFO - ✅ 模型训练完成 | 止损训练准确率:97.89% | 止损测试准确率:64.29%
2026-01-20 00:23:21 - OKXQuantStrategy - INFO - ✅ 交易信号模型训练完成 | 样本数:281 | 上涨概率:50.89%
2026-01-20 00:23:21 - OKXQuantStrategy - INFO - 
---------------------------------------- 第1轮循环 ----------------------------------------
2026-01-20 00:23:22 - OKXQuantStrategy - INFO - ✅ 获取K线 | 周期:1h | 数量:300 | 最新价:92153.30
2026-01-20 00:23:22 - OKXQuantStrategy - INFO - ✅ 获取K线 | 周期:1d | 数量:50 | 最新价:92153.30
2026-01-20 00:23:22 - OKXQuantStrategy - INFO - ✅ 允许交易 | 当前价:92153.30 | 布林下轨:90339.00
2026-01-20 00:23:22 - OKXQuantStrategy - INFO - ✅ 当前持仓 | 本地记录: 无持仓
2026-01-20 00:23:22 - OKXQuantStrategy - INFO - 📊 信号计算 | LR概率:48.67% | RF概率:24.68% | 加权概率:39.07%
2026-01-20 00:23:22 - OKXQuantStrategy - INFO - 📊 交易信号:📈 开多 | 持仓:0
2026-01-20 00:23:22 - OKXQuantStrategy - INFO - 📊 成本差特征生效 | 开仓价:92153.3 | 最新价:92153.3 | 差值比:0.0000
2026-01-20 00:23:22 - OKXQuantStrategy - INFO - ✅ 特征提取完成 | 有效样本数:300
2026-01-20 00:23:22 - OKXQuantStrategy - INFO - 🔍 最新特征值：{'ret': -0.012332804595730055, 'range': 0.02977042784875259, 'vol_ratio': 1.452960176780753, 'ma_ratio': 0.9926276130542728, 'bb_pos': 0.10197327291265329, 'rsi': 34.404128706093005, 'price_diff_ratio': 0.0}
2026-01-20 00:23:22 - OKXQuantStrategy - INFO - ✅ 预测完成 | 止盈概率:67.57% | 止损概率:68.32%
2026-01-20 00:23:22 - OKXQuantStrategy - INFO - 📊 开仓前SLTP检查 | 止盈概率:67.57% | 止损概率:68.32% | 阈值:70.0%/70.0%
2026-01-20 00:23:22 - OKXQuantStrategy - INFO - ✅ 开仓前SLTP检查通过：概率低于阈值
2026-01-20 00:23:28 - OKXQuantStrategy - INFO - 📊 仓位计算 | 账户余额: 113597.94032214137 USDT | 最新价: 92537.1 USDT | 下单张数: 1.23
2026-01-20 00:23:28 - OKXQuantStrategy - INFO - 🟢 开多成功 | 订单ID:3232547021086531584 | 价格:92537.10 | 张数:1.23
2026-01-20 00:23:28 - OKXQuantStrategy - INFO - 📊 成本差特征生效 | 开仓价:92537.1 | 最新价:92153.3 | 差值比:-0.0041
2026-01-20 00:23:28 - OKXQuantStrategy - INFO - ✅ 特征提取完成 | 有效样本数:300
2026-01-20 00:23:28 - OKXQuantStrategy - INFO - 🔍 最新特征值：{'ret': -0.012332804595730055, 'range': 0.02977042784875259, 'vol_ratio': 1.452960176780753, 'ma_ratio': 0.9926276130542728, 'bb_pos': 0.10197327291265329, 'rsi': 34.404128706093005, 'price_diff_ratio': -0.0041475256950996185}
2026-01-20 00:23:28 - OKXQuantStrategy - INFO - ✅ 预测完成 | 止盈概率:67.57% | 止损概率:68.32%
2026-01-20 00:23:28 - OKXQuantStrategy - INFO - 📊 止盈止损预测 | 当前持平 0.00% (¥0.00) | 止盈概率:67.57% | 止损概率:68.32%
2026-01-20 00:23:28 - OKXQuantStrategy - INFO - ℹ️  未触发止盈止损 | 原因: 概率未达标
2026-01-20 00:23:28 - OKXQuantStrategy - INFO - 
📋 运行统计 | 总交易次数: 1
2026-01-20 00:23:28 - OKXQuantStrategy - INFO - ⏳ 等待300秒后继续...
2026-01-20 00:24:24 - OKXQuantStrategy - INFO - 

🛑 检测到用户终止程序！
2026-01-20 00:24:24 - OKXQuantStrategy - INFO - 
🔴 执行强制平仓操作...
2026-01-20 00:24:24 - OKXQuantStrategy - INFO - 
📌 平仓重试 1/3
2026-01-20 00:24:27 - OKXQuantStrategy - INFO - 📊 仓位计算 | 账户余额: 113483.44622908637 USDT | 最新价: 92601.6 USDT | 下单张数: 1.23
2026-01-20 00:24:28 - OKXQuantStrategy - INFO - 🔴 平仓成功 | 订单ID:3232549012877615104 | 价格:92601.60 | 盈亏:79.33 USDT
2026-01-20 00:24:28 - OKXQuantStrategy - INFO - ✅ 强制平仓成功！
2026-01-20 00:24:28 - OKXQuantStrategy - INFO - ✅ 所有持仓已清空
2026-01-20 00:24:28 - OKXQuantStrategy - INFO - 
📊 策略运行结束 | 总交易次数: 1
2026-01-20 00:24:28 - OKXQuantStrategy - INFO - 🕒 结束时间: 2026-01-20 00:24:28
2026-01-20 00:24:28 - OKXQuantStrategy - INFO - ============================================================
2026-01-20 00:24:33 - OKXQuantStrategy - INFO - ✅ 交易所初始化成功（合约模拟盘）
2026-01-20 00:24:33 - OKXQuantStrategy - INFO - ✅ 模型配置: 逻辑回归(权重0.6) + 随机森林(权重0.4)
2026-01-20 00:24:33 - OKXQuantStrategy - INFO - ✅ 仓位配置: 账户权益的10.0%
2026-01-20 00:24:33 - OKXQuantStrategy - INFO - ✅ 止盈止损阈值: 止盈概率≥70.0% | 止损概率≥70.0%
2026-01-20 00:24:33 - OKXQuantStrategy - INFO - ✅ 最小盈亏阈值: 盈利≥0.1% | 亏损≥0.1%
2026-01-20 00:24:33 - OKXQuantStrategy - WARNING - ⚠️  按下Ctrl+C将自动平仓并退出程序
2026-01-20 00:24:33 - OKXQuantStrategy - INFO - ============================================================
2026-01-20 00:24:33 - OKXQuantStrategy - INFO - 📈 OKX合约模拟盘策略启动 | 2026-01-20 00:24:33
2026-01-20 00:24:33 - OKXQuantStrategy - INFO - 📊 交易对:BTC-USDT-SWAP | 杠杆:10倍 | 仓位比例:10.0%
2026-01-20 00:24:33 - OKXQuantStrategy - INFO - ============================================================

2026-01-20 00:24:34 - OKXQuantStrategy - INFO - ✅ 杠杆设置成功 | 10倍
2026-01-20 00:24:35 - OKXQuantStrategy - INFO - ✅ 当前持仓 | 本地记录: 无持仓
2026-01-20 00:24:36 - OKXQuantStrategy - INFO - ✅ 获取K线 | 周期:1h | 数量:300 | 最新价:92153.30
2026-01-20 00:24:36 - OKXQuantStrategy - WARNING - ⚠️  未传入开仓价，成本差特征为0
2026-01-20 00:24:36 - OKXQuantStrategy - INFO - ✅ 特征提取完成 | 有效样本数:281
2026-01-20 00:24:36 - OKXQuantStrategy - INFO - ✅ 标签创建 | 止盈:24.73% | 止损:25.45% | 中性:49.82%
2026-01-20 00:24:36 - OKXQuantStrategy - INFO - ✅ 模型训练完成 | 止盈训练准确率:98.21% | 止盈测试准确率:67.86%
2026-01-20 00:24:36 - OKXQuantStrategy - INFO - ✅ 模型训练完成 | 止损训练准确率:97.89% | 止损测试准确率:64.29%
2026-01-20 00:24:36 - OKXQuantStrategy - INFO - ✅ 交易信号模型训练完成 | 样本数:281 | 上涨概率:50.89%
2026-01-20 00:24:36 - OKXQuantStrategy - INFO - 
---------------------------------------- 第1轮循环 ----------------------------------------
2026-01-20 00:24:36 - OKXQuantStrategy - INFO - ✅ 获取K线 | 周期:1h | 数量:300 | 最新价:92153.30
2026-01-20 00:24:37 - OKXQuantStrategy - INFO - ✅ 获取K线 | 周期:1d | 数量:50 | 最新价:92153.30
2026-01-20 00:24:37 - OKXQuantStrategy - INFO - ✅ 允许交易 | 当前价:92153.30 | 布林下轨:90339.00
2026-01-20 00:24:37 - OKXQuantStrategy - INFO - ✅ 当前持仓 | 本地记录: 无持仓
2026-01-20 00:24:37 - OKXQuantStrategy - INFO - 📊 信号计算 | LR概率:48.67% | RF概率:24.68% | 加权概率:39.07%
2026-01-20 00:24:37 - OKXQuantStrategy - INFO - 📊 交易信号:📉 观望 | 持仓:0
2026-01-20 00:24:37 - OKXQuantStrategy - INFO - 
📋 运行统计 | 总交易次数: 0
2026-01-20 00:24:37 - OKXQuantStrategy - INFO - ⏳ 等待300秒后继续...
2026-01-20 00:28:52 - OKXQuantStrategy - INFO - 

🛑 检测到用户终止程序！
2026-01-20 00:28:52 - OKXQuantStrategy - INFO - ✅ 当前无持仓，无需平仓
2026-01-20 00:28:52 - OKXQuantStrategy - INFO - 
📊 策略运行结束 | 总交易次数: 0
2026-01-20 00:28:52 - OKXQuantStrategy - INFO - 🕒 结束时间: 2026-01-20 00:28:52
2026-01-20 00:28:52 - OKXQuantStrategy - INFO - ============================================================
2026-01-20 00:28:58 - OKXQuantStrategy - INFO - ✅ 交易所初始化成功（合约模拟盘）
2026-01-20 00:28:58 - OKXQuantStrategy - INFO - ✅ 模型配置: 逻辑回归(权重0.6) + 随机森林(权重0.4)
2026-01-20 00:28:58 - OKXQuantStrategy - INFO - ✅ 仓位配置: 账户权益的10.0%
2026-01-20 00:28:58 - OKXQuantStrategy - INFO - ✅ 止盈止损阈值: 止盈概率≥70.0% | 止损概率≥70.0%
2026-01-20 00:28:58 - OKXQuantStrategy - INFO - ✅ 最小盈亏阈值: 盈利≥0.1% | 亏损≥0.1%
2026-01-20 00:28:58 - OKXQuantStrategy - WARNING - ⚠️  按下Ctrl+C将自动平仓并退出程序
2026-01-20 00:28:58 - OKXQuantStrategy - INFO - ============================================================
2026-01-20 00:28:58 - OKXQuantStrategy - INFO - 📈 OKX合约模拟盘策略启动 | 2026-01-20 00:28:58
2026-01-20 00:28:58 - OKXQuantStrategy - INFO - 📊 交易对:BTC-USDT-SWAP | 杠杆:10倍 | 仓位比例:10.0%
2026-01-20 00:28:58 - OKXQuantStrategy - INFO - ============================================================

2026-01-20 00:28:59 - OKXQuantStrategy - INFO - ✅ 杠杆设置成功 | 10倍
2026-01-20 00:28:59 - OKXQuantStrategy - INFO - ✅ 当前持仓 | 本地记录: 无持仓
2026-01-20 00:29:00 - OKXQuantStrategy - INFO - ✅ 获取K线 | 周期:1h | 数量:300 | 最新价:92153.30
2026-01-20 00:29:00 - OKXQuantStrategy - WARNING - ⚠️  未传入开仓价，成本差特征为0
2026-01-20 00:29:00 - OKXQuantStrategy - INFO - ✅ 特征提取完成 | 有效样本数:281
2026-01-20 00:29:00 - OKXQuantStrategy - INFO - ✅ 标签创建 | 止盈:24.73% | 止损:25.45% | 中性:49.82%
2026-01-20 00:29:00 - OKXQuantStrategy - INFO - ✅ 模型训练完成 | 止盈训练准确率:98.21% | 止盈测试准确率:67.86%
2026-01-20 00:29:00 - OKXQuantStrategy - INFO - ✅ 模型训练完成 | 止损训练准确率:97.89% | 止损测试准确率:64.29%
2026-01-20 00:29:00 - OKXQuantStrategy - INFO - ✅ 交易信号模型训练完成 | 样本数:281 | 上涨概率:50.89%
2026-01-20 00:29:00 - OKXQuantStrategy - INFO - 
---------------------------------------- 第1轮循环 ----------------------------------------
2026-01-20 00:29:01 - OKXQuantStrategy - INFO - ✅ 获取K线 | 周期:1h | 数量:300 | 最新价:92153.30
2026-01-20 00:29:01 - OKXQuantStrategy - INFO - ✅ 获取K线 | 周期:1d | 数量:50 | 最新价:92153.30
2026-01-20 00:29:01 - OKXQuantStrategy - INFO - ✅ 允许交易 | 当前价:92153.30 | 布林下轨:90339.00
2026-01-20 00:29:02 - OKXQuantStrategy - INFO - ✅ 当前持仓 | 本地记录: 无持仓
2026-01-20 00:29:02 - OKXQuantStrategy - INFO - 📊 信号计算 | LR概率:48.67% | RF概率:24.68% | 加权概率:39.07%
2026-01-20 00:29:02 - OKXQuantStrategy - INFO - 📊 交易信号:📉 观望 | 持仓:0
2026-01-20 00:29:02 - OKXQuantStrategy - INFO - 
📋 运行统计 | 总交易次数: 0
2026-01-20 00:29:02 - OKXQuantStrategy - INFO - ⏳ 等待300秒后继续...
2026-01-20 00:29:07 - OKXQuantStrategy - INFO - 

🛑 检测到用户终止程序！
2026-01-20 00:29:07 - OKXQuantStrategy - INFO - ✅ 当前无持仓，无需平仓
2026-01-20 00:29:07 - OKXQuantStrategy - INFO - 
📊 策略运行结束 | 总交易次数: 0
2026-01-20 00:29:07 - OKXQuantStrategy - INFO - 🕒 结束时间: 2026-01-20 00:29:07
2026-01-20 00:29:07 - OKXQuantStrategy - INFO - ============================================================
2026-01-20 00:29:17 - OKXQuantStrategy - INFO - ✅ 交易所初始化成功（合约模拟盘）
2026-01-20 00:29:17 - OKXQuantStrategy - INFO - ✅ 模型配置: 逻辑回归(权重0.6) + 随机森林(权重0.4)
2026-01-20 00:29:17 - OKXQuantStrategy - INFO - ✅ 仓位配置: 账户权益的10.0%
2026-01-20 00:29:17 - OKXQuantStrategy - INFO - ✅ 止盈止损阈值: 止盈概率≥70.0% | 止损概率≥70.0%
2026-01-20 00:29:17 - OKXQuantStrategy - INFO - ✅ 最小盈亏阈值: 盈利≥0.1% | 亏损≥0.1%
2026-01-20 00:29:17 - OKXQuantStrategy - WARNING - ⚠️  按下Ctrl+C将自动平仓并退出程序
2026-01-20 00:29:17 - OKXQuantStrategy - INFO - ============================================================
2026-01-20 00:29:17 - OKXQuantStrategy - INFO - 📈 OKX合约模拟盘策略启动 | 2026-01-20 00:29:17
2026-01-20 00:29:17 - OKXQuantStrategy - INFO - 📊 交易对:BTC-USDT-SWAP | 杠杆:10倍 | 仓位比例:10.0%
2026-01-20 00:29:17 - OKXQuantStrategy - INFO - ============================================================

2026-01-20 00:29:19 - OKXQuantStrategy - INFO - ✅ 杠杆设置成功 | 10倍
2026-01-20 00:29:19 - OKXQuantStrategy - INFO - ✅ 当前持仓 | 本地记录: 无持仓
2026-01-20 00:29:20 - OKXQuantStrategy - INFO - ✅ 获取K线 | 周期:1h | 数量:300 | 最新价:92153.30
2026-01-20 00:29:20 - OKXQuantStrategy - WARNING - ⚠️  未传入开仓价，成本差特征为0
2026-01-20 00:29:20 - OKXQuantStrategy - INFO - ✅ 特征提取完成 | 有效样本数:281
2026-01-20 00:29:20 - OKXQuantStrategy - INFO - ✅ 标签创建 | 止盈:24.73% | 止损:25.45% | 中性:49.82%
2026-01-20 00:29:20 - OKXQuantStrategy - INFO - ✅ 模型训练完成 | 止盈训练准确率:98.21% | 止盈测试准确率:67.86%
2026-01-20 00:29:20 - OKXQuantStrategy - INFO - ✅ 模型训练完成 | 止损训练准确率:97.89% | 止损测试准确率:64.29%
2026-01-20 00:29:20 - OKXQuantStrategy - INFO - ✅ 交易信号模型训练完成 | 样本数:281 | 上涨概率:50.89%
2026-01-20 00:29:20 - OKXQuantStrategy - INFO - 
---------------------------------------- 第1轮循环 ----------------------------------------
2026-01-20 00:29:21 - OKXQuantStrategy - INFO - ✅ 获取K线 | 周期:1h | 数量:300 | 最新价:92153.30
2026-01-20 00:29:21 - OKXQuantStrategy - INFO - ✅ 获取K线 | 周期:1d | 数量:50 | 最新价:92153.30
2026-01-20 00:29:21 - OKXQuantStrategy - INFO - ✅ 允许交易 | 当前价:92153.30 | 布林下轨:90339.00
2026-01-20 00:29:22 - OKXQuantStrategy - INFO - ✅ 当前持仓 | 本地记录: 无持仓
2026-01-20 00:29:22 - OKXQuantStrategy - INFO - 📊 信号计算 | LR概率:48.67% | RF概率:24.68% | 加权概率:39.07%
2026-01-20 00:29:22 - OKXQuantStrategy - INFO - 📊 交易信号:📈 开多 | 持仓:0
2026-01-20 00:29:22 - OKXQuantStrategy - INFO - 📊 成本差特征生效 | 开仓价:92153.3 | 最新价:92153.3 | 差值比:0.0000
2026-01-20 00:29:22 - OKXQuantStrategy - INFO - ✅ 特征提取完成 | 有效样本数:300
2026-01-20 00:29:22 - OKXQuantStrategy - INFO - 🔍 最新特征值：{'ret': -0.012332804595730055, 'range': 0.02977042784875259, 'vol_ratio': 1.452960176780753, 'ma_ratio': 0.9926276130542728, 'bb_pos': 0.10197327291265329, 'rsi': 34.404128706093005, 'price_diff_ratio': 0.0}
2026-01-20 00:29:22 - OKXQuantStrategy - INFO - ✅ 预测完成 | 止盈概率:67.57% | 止损概率:68.32%
2026-01-20 00:29:22 - OKXQuantStrategy - INFO - 📊 开仓前SLTP检查 | 止盈概率:67.57% | 止损概率:68.32% | 阈值:70.0%/70.0%
2026-01-20 00:29:22 - OKXQuantStrategy - INFO - ✅ 开仓前SLTP检查通过：概率低于阈值
2026-01-20 00:29:25 - OKXQuantStrategy - INFO - 📊 仓位计算 | 账户余额: 113596.52859456137 USDT | 最新价: 92682.4 USDT | 下单张数: 1.23
2026-01-20 00:29:26 - OKXQuantStrategy - INFO - 🟢 开多成功 | 订单ID:3232559016326209536 | 价格:92682.40 | 张数:1.23
2026-01-20 00:29:26 - OKXQuantStrategy - INFO - 📊 成本差特征生效 | 开仓价:92682.4 | 最新价:92153.3 | 差值比:-0.0057
2026-01-20 00:29:26 - OKXQuantStrategy - INFO - ✅ 特征提取完成 | 有效样本数:300
2026-01-20 00:29:26 - OKXQuantStrategy - INFO - 🔍 最新特征值：{'ret': -0.012332804595730055, 'range': 0.02977042784875259, 'vol_ratio': 1.452960176780753, 'ma_ratio': 0.9926276130542728, 'bb_pos': 0.10197327291265329, 'rsi': 34.404128706093005, 'price_diff_ratio': -0.005708742976012612}
2026-01-20 00:29:26 - OKXQuantStrategy - INFO - ✅ 预测完成 | 止盈概率:67.57% | 止损概率:68.32%
2026-01-20 00:29:26 - OKXQuantStrategy - INFO - 📊 止盈止损预测 | 当前持平 0.00% (¥0.00) | 止盈概率:67.57% | 止损概率:68.32%
2026-01-20 00:29:26 - OKXQuantStrategy - INFO - ℹ️  未触发止盈止损 | 原因: 概率未达标
2026-01-20 00:29:26 - OKXQuantStrategy - INFO - 
📋 运行统计 | 总交易次数: 1
2026-01-20 00:29:26 - OKXQuantStrategy - INFO - ⏳ 等待300秒后继续...
2026-01-20 00:29:28 - OKXQuantStrategy - INFO - 

🛑 检测到用户终止程序！
2026-01-20 00:29:28 - OKXQuantStrategy - INFO - 
🔴 执行强制平仓操作...
2026-01-20 00:29:28 - OKXQuantStrategy - INFO - 
📌 平仓重试 1/3
2026-01-20 00:29:31 - OKXQuantStrategy - INFO - 📊 仓位计算 | 账户余额: 113481.70946970138 USDT | 最新价: 92645.6 USDT | 下单张数: 1.22
2026-01-20 00:29:32 - OKXQuantStrategy - INFO - 🔴 平仓成功 | 订单ID:3232559206244294656 | 价格:92645.60 | 盈亏:-44.90 USDT
2026-01-20 00:29:32 - OKXQuantStrategy - INFO - ✅ 强制平仓成功！
2026-01-20 00:29:32 - OKXQuantStrategy - INFO - ✅ 所有持仓已清空
2026-01-20 00:29:32 - OKXQuantStrategy - INFO - 
📊 策略运行结束 | 总交易次数: 1
2026-01-20 00:29:32 - OKXQuantStrategy - INFO - 🕒 结束时间: 2026-01-20 00:29:32
2026-01-20 00:29:32 - OKXQuantStrategy - INFO - ============================================================
2026-01-20 00:29:59 - OKXQuantStrategy - INFO - ✅ 交易所初始化成功（合约模拟盘）
2026-01-20 00:29:59 - OKXQuantStrategy - INFO - ✅ 模型配置: 逻辑回归(权重0.6) + 随机森林(权重0.4)
2026-01-20 00:29:59 - OKXQuantStrategy - INFO - ✅ 仓位配置: 账户权益的10.0%
2026-01-20 00:29:59 - OKXQuantStrategy - INFO - ✅ 止盈止损阈值: 止盈概率≥70.0% | 止损概率≥70.0%
2026-01-20 00:29:59 - OKXQuantStrategy - INFO - ✅ 最小盈亏阈值: 盈利≥0.1% | 亏损≥0.1%
2026-01-20 00:29:59 - OKXQuantStrategy - WARNING - ⚠️  按下Ctrl+C将自动平仓并退出程序
2026-01-20 00:29:59 - OKXQuantStrategy - INFO - ============================================================
2026-01-20 00:29:59 - OKXQuantStrategy - INFO - 📈 OKX合约模拟盘策略启动 | 2026-01-20 00:29:59
2026-01-20 00:29:59 - OKXQuantStrategy - INFO - 📊 交易对:BTC-USDT-SWAP | 杠杆:10倍 | 仓位比例:10.0%
2026-01-20 00:29:59 - OKXQuantStrategy - INFO - ============================================================

2026-01-20 00:30:01 - OKXQuantStrategy - INFO - ✅ 杠杆设置成功 | 10倍
2026-01-20 00:30:01 - OKXQuantStrategy - INFO - ✅ 当前持仓 | 本地记录: 无持仓
2026-01-20 00:30:02 - OKXQuantStrategy - INFO - ✅ 获取K线 | 周期:1h | 数量:300 | 最新价:92153.30
2026-01-20 00:30:02 - OKXQuantStrategy - WARNING - ⚠️  未传入开仓价，成本差特征为0
2026-01-20 00:30:02 - OKXQuantStrategy - INFO - ✅ 特征提取完成 | 有效样本数:281
2026-01-20 00:30:02 - OKXQuantStrategy - INFO - ✅ 标签创建 | 止盈:24.73% | 止损:25.45% | 中性:49.82%
2026-01-20 00:30:02 - OKXQuantStrategy - INFO - ✅ 模型训练完成 | 止盈训练准确率:98.21% | 止盈测试准确率:67.86%
2026-01-20 00:30:02 - OKXQuantStrategy - INFO - ✅ 模型训练完成 | 止损训练准确率:97.89% | 止损测试准确率:64.29%
2026-01-20 00:30:02 - OKXQuantStrategy - INFO - ✅ 交易信号模型训练完成 | 样本数:281 | 上涨概率:50.89%
2026-01-20 00:30:02 - OKXQuantStrategy - INFO - 
---------------------------------------- 第1轮循环 ----------------------------------------
2026-01-20 00:30:02 - OKXQuantStrategy - INFO - ✅ 获取K线 | 周期:1h | 数量:300 | 最新价:92153.30
2026-01-20 00:30:03 - OKXQuantStrategy - INFO - ✅ 获取K线 | 周期:1d | 数量:50 | 最新价:92153.30
2026-01-20 00:30:03 - OKXQuantStrategy - INFO - ✅ 允许交易 | 当前价:92153.30 | 布林下轨:90339.00
2026-01-20 00:30:03 - OKXQuantStrategy - INFO - ✅ 当前持仓 | 本地记录: 无持仓
2026-01-20 00:30:03 - OKXQuantStrategy - INFO - 📊 信号计算 | LR概率:48.67% | RF概率:24.68% | 加权概率:39.07%
2026-01-20 00:30:03 - OKXQuantStrategy - INFO - 📊 交易信号:📉 观望 | 持仓:0
2026-01-20 00:30:03 - OKXQuantStrategy - INFO - 
📋 运行统计 | 总交易次数: 0
2026-01-20 00:30:03 - OKXQuantStrategy - INFO - ⏳ 等待300秒后继续...
2026-01-20 00:35:03 - OKXQuantStrategy - INFO - 
---------------------------------------- 第2轮循环 ----------------------------------------
2026-01-20 00:35:04 - OKXQuantStrategy - INFO - ✅ 获取K线 | 周期:1h | 数量:300 | 最新价:92153.30
2026-01-20 00:35:04 - OKXQuantStrategy - INFO - ✅ 获取K线 | 周期:1d | 数量:50 | 最新价:92153.30
2026-01-20 00:35:04 - OKXQuantStrategy - INFO - ✅ 允许交易 | 当前价:92153.30 | 布林下轨:90339.00
2026-01-20 00:35:04 - OKXQuantStrategy - INFO - ✅ 当前持仓 | 本地记录: 无持仓
2026-01-20 00:35:04 - OKXQuantStrategy - INFO - 📊 信号计算 | LR概率:48.67% | RF概率:24.68% | 加权概率:39.07%
2026-01-20 00:35:04 - OKXQuantStrategy - INFO - 📊 交易信号:📉 观望 | 持仓:0
2026-01-20 00:35:04 - OKXQuantStrategy - INFO - 
📋 运行统计 | 总交易次数: 0
2026-01-20 00:35:04 - OKXQuantStrategy - INFO - ⏳ 等待300秒后继续...
