2026-01-21 22:25:25,791 - INFO - ✅ 杠杆设置成功 | 10倍
2026-01-21 22:25:26,618 - INFO - ✅ 永续合约策略初始化完成
2026-01-21 22:25:26,618 - INFO - 交易对: BTC-USDT-SWAP | 杠杆: 10倍 | 仓位比例: 10.0%
2026-01-21 22:25:26,618 - INFO - ============================================================
2026-01-21 22:25:26,618 - INFO - 📈 OKX永续合约策略启动 | 2026-01-21 22:25:26
2026-01-21 22:25:26,618 - INFO - ============================================================

2026-01-21 22:25:26,892 - INFO - ✅ 获取K线 | 周期:1d | 数量:50
2026-01-21 22:25:27,184 - INFO - ✅ 实时价更新 | BTC-USDT-SWAP = 91004.80 USDT
2026-01-21 22:25:27,184 - INFO - ✅ 允许交易 | 当前价:91004.80 | 布林下轨:88019.38
2026-01-21 22:25:27,744 - WARNING - ⚠️ 持仓查询失败: 'positions'
2026-01-21 22:25:28,057 - INFO - ✅ 获取K线 | 周期:1h | 数量:300
2026-01-21 22:25:28,057 - INFO - 📝 执行交易函数: train
2026-01-21 22:25:28,156 - INFO - 📚 占位模型训练完成
2026-01-21 22:25:28,156 - INFO - ✅ 模型训练完成 | 上涨概率:48.75%
2026-01-21 22:25:28,165 - INFO - 📊 信号 | LR:43.82% | RF:39.36% | 加权:20.13%
2026-01-21 22:25:28,165 - INFO - 📢 收到开多信号，执行开多操作
2026-01-21 22:25:28,165 - INFO - 📝 执行交易函数: buy
2026-01-21 22:25:28,429 - INFO - ✅ 实时价更新 | BTC-USDT-SWAP = 91004.80 USDT
2026-01-21 22:25:28,697 - INFO - ✅ 账户余额 | 可用USDT: 113174.38907914617 | 总计USDT: 113174.38907914617
2026-01-21 22:25:28,697 - INFO - 📊 仓位计算 | 余额: 113174.38907914617 USDT | 下单金额: 113174.39 USDT | 数量: 1.244
2026-01-21 22:25:29,271 - ERROR - ❌ 开多失败
2026-01-21 22:25:29,271 - INFO - 
⏳ 等待60秒进入下一轮...
============================================================

2026-01-21 22:26:29,544 - INFO - ✅ 获取K线 | 周期:1d | 数量:50
2026-01-21 22:26:29,893 - INFO - ✅ 实时价更新 | BTC-USDT-SWAP = 91128.00 USDT
2026-01-21 22:26:29,894 - INFO - ✅ 允许交易 | 当前价:91128.00 | 布林下轨:88019.38
2026-01-21 22:26:30,166 - WARNING - ⚠️ 持仓查询失败: 'positions'
2026-01-21 22:26:30,817 - INFO - ✅ 获取K线 | 周期:1h | 数量:300
2026-01-21 22:26:30,817 - INFO - 📝 执行交易函数: train
2026-01-21 22:26:30,942 - INFO - 📚 占位模型训练完成
2026-01-21 22:26:30,942 - INFO - ✅ 模型训练完成 | 上涨概率:48.75%
2026-01-21 22:26:30,952 - INFO - 📊 信号 | LR:43.82% | RF:39.36% | 加权:20.13%
2026-01-21 22:26:30,952 - INFO - 📢 收到开多信号，执行开多操作
2026-01-21 22:26:30,952 - INFO - 📝 执行交易函数: buy
2026-01-21 22:26:31,193 - INFO - ✅ 实时价更新 | BTC-USDT-SWAP = 91087.10 USDT
2026-01-21 22:26:31,485 - INFO - ✅ 账户余额 | 可用USDT: 113174.38907914617 | 总计USDT: 113174.38907914617
2026-01-21 22:26:31,485 - INFO - 📊 仓位计算 | 余额: 113174.38907914617 USDT | 下单金额: 113174.39 USDT | 数量: 1.242
2026-01-21 22:26:32,417 - ERROR - ❌ 开多失败
2026-01-21 22:26:32,417 - INFO - 
⏳ 等待60秒进入下一轮...
============================================================

2026-01-21 22:27:32,707 - INFO - ✅ 获取K线 | 周期:1d | 数量:50
2026-01-21 22:27:34,433 - INFO - ✅ 实时价更新 | BTC-USDT-SWAP = 90952.70 USDT
2026-01-21 22:27:34,433 - INFO - ✅ 允许交易 | 当前价:90952.70 | 布林下轨:88019.38
2026-01-21 22:27:34,745 - WARNING - ⚠️ 持仓查询失败: 'positions'
2026-01-21 22:27:36,245 - INFO - ✅ 获取K线 | 周期:1h | 数量:300
2026-01-21 22:27:36,245 - INFO - 📝 执行交易函数: train
2026-01-21 22:27:36,369 - INFO - 📚 占位模型训练完成
2026-01-21 22:27:36,369 - INFO - ✅ 模型训练完成 | 上涨概率:48.75%
2026-01-21 22:27:36,383 - INFO - 📊 信号 | LR:43.82% | RF:39.36% | 加权:20.13%
2026-01-21 22:27:36,383 - INFO - 📢 收到开多信号，执行开多操作
2026-01-21 22:27:36,383 - INFO - 📝 执行交易函数: buy
2026-01-21 22:27:37,501 - INFO - ✅ 实时价更新 | BTC-USDT-SWAP = 90961.50 USDT
2026-01-21 22:27:38,339 - INFO - ✅ 账户余额 | 可用USDT: 113174.38907914617 | 总计USDT: 113174.38907914617
2026-01-21 22:27:38,339 - INFO - 📊 仓位计算 | 余额: 113174.38907914617 USDT | 下单金额: 113174.39 USDT | 数量: 1.244
2026-01-21 22:27:39,558 - ERROR - ❌ 开多失败
2026-01-21 22:27:39,558 - INFO - 
⏳ 等待60秒进入下一轮...
============================================================

2026-01-21 22:28:03,353 - INFO - 
🛑 用户手动终止策略
2026-01-21 22:28:03,354 - INFO - 
🔴 执行强制平仓...
2026-01-21 22:28:12,588 - INFO - ✅ 杠杆设置成功 | 10倍
2026-01-21 22:28:13,398 - INFO - ✅ 永续合约策略初始化完成
2026-01-21 22:28:13,398 - INFO - 交易对: BTC-USDT-SWAP | 杠杆: 10倍 | 仓位比例: 10.0%
2026-01-21 22:28:13,398 - INFO - ============================================================
2026-01-21 22:28:13,398 - INFO - 📈 OKX永续合约策略启动 | 2026-01-21 22:28:13
2026-01-21 22:28:13,398 - INFO - ============================================================

2026-01-21 22:28:13,752 - INFO - ✅ 获取K线 | 周期:1d | 数量:50
2026-01-21 22:28:13,913 - INFO - ✅ 实时价更新 | BTC-USDT-SWAP = 90950.20 USDT
2026-01-21 22:28:13,913 - INFO - ✅ 允许交易 | 当前价:90950.20 | 布林下轨:88019.38
2026-01-21 22:28:14,235 - ERROR - API请求失败: 401 Client Error: Unauthorized for url: https://www.okx.com/api/v5/account/positions?instId=BTC-USDT
2026-01-21 22:28:14,235 - INFO - ✅ 当前无持仓
2026-01-21 22:28:15,192 - INFO - ✅ 获取K线 | 周期:1h | 数量:300
2026-01-21 22:28:15,292 - INFO - ✅ 模型训练完成 | 上涨概率:48.75%
2026-01-21 22:28:15,300 - INFO - 📊 信号 | LR:43.82% | RF:39.36% | 加权:20.13%
2026-01-21 22:28:15,301 - INFO - 📢 收到开多信号，执行开多操作
2026-01-21 22:28:15,613 - INFO - ✅ 实时价更新 | BTC-USDT-SWAP = 90968.40 USDT
2026-01-21 22:28:16,058 - ERROR - API请求失败: 401 Client Error: Unauthorized for url: https://www.okx.com/api/v5/account/balance?ccy=USDT
2026-01-21 22:28:16,059 - ERROR - ❌ 账户余额不足
2026-01-21 22:28:16,059 - INFO - 
⏳ 等待60秒进入下一轮...
============================================================

2026-01-21 22:29:16,752 - INFO - ✅ 获取K线 | 周期:1d | 数量:50
2026-01-21 22:29:17,272 - INFO - ✅ 实时价更新 | BTC-USDT-SWAP = 91005.10 USDT
2026-01-21 22:29:17,272 - INFO - ✅ 允许交易 | 当前价:91005.10 | 布林下轨:88019.38
2026-01-21 22:29:18,257 - ERROR - API请求失败: 401 Client Error: Unauthorized for url: https://www.okx.com/api/v5/account/positions?instId=BTC-USDT
2026-01-21 22:29:18,257 - INFO - ✅ 当前无持仓
2026-01-21 22:29:19,249 - INFO - ✅ 获取K线 | 周期:1h | 数量:300
2026-01-21 22:29:19,352 - INFO - ✅ 模型训练完成 | 上涨概率:48.75%
2026-01-21 22:29:19,361 - INFO - 📊 信号 | LR:43.82% | RF:39.36% | 加权:20.13%
2026-01-21 22:29:19,361 - INFO - 📢 收到开多信号，执行开多操作
2026-01-21 22:29:20,167 - INFO - ✅ 实时价更新 | BTC-USDT-SWAP = 90984.50 USDT
2026-01-21 22:29:21,063 - ERROR - API请求失败: 401 Client Error: Unauthorized for url: https://www.okx.com/api/v5/account/balance?ccy=USDT
2026-01-21 22:29:21,063 - ERROR - ❌ 账户余额不足
2026-01-21 22:29:21,063 - INFO - 
⏳ 等待60秒进入下一轮...
============================================================

2026-01-21 22:29:40,337 - INFO - 
🛑 用户手动终止策略
2026-01-21 22:29:40,337 - INFO - 
🔴 执行强制平仓...
2026-01-21 22:32:38,582 - INFO - ✅ 杠杆设置成功 | 10倍
2026-01-21 22:32:39,344 - INFO - ✅ 永续合约策略初始化完成
2026-01-21 22:32:39,344 - INFO - 交易对: BTC-USDT-SWAP | 杠杆: 10倍 | 仓位比例: 10.0%
2026-01-21 22:32:39,344 - INFO - ============================================================
2026-01-21 22:32:39,344 - INFO - 📈 OKX永续合约策略启动 | 2026-01-21 22:32:39
2026-01-21 22:32:39,345 - INFO - ============================================================

2026-01-21 22:32:39,979 - INFO - ✅ 获取K线 | 周期:1d | 数量:50
2026-01-21 22:32:40,239 - INFO - ✅ 实时价更新 | BTC-USDT-SWAP = 91078.30 USDT
2026-01-21 22:32:40,239 - INFO - ✅ 允许交易 | 当前价:91078.30 | 布林下轨:88019.38
2026-01-21 22:32:40,542 - ERROR - API请求失败: 401 Client Error: Unauthorized for url: https://www.okx.com/api/v5/account/positions?instId=BTC-USDT
2026-01-21 22:32:40,543 - INFO - ✅ 当前无持仓
2026-01-21 22:32:40,887 - INFO - ✅ 获取K线 | 周期:1h | 数量:300
2026-01-21 22:32:40,988 - INFO - ✅ 模型训练完成 | 上涨概率:48.75%
2026-01-21 22:32:40,997 - INFO - 📊 信号 | LR:43.82% | RF:39.36% | 加权:20.13%
2026-01-21 22:32:40,997 - INFO - 📢 收到开多信号，执行开多操作
2026-01-21 22:32:41,629 - INFO - ✅ 实时价更新 | BTC-USDT-SWAP = 91078.90 USDT
2026-01-21 22:32:41,629 - ERROR - ❌ 策略循环异常: 'OKXAPIClient' object has no attribute 'get_account_balance'
2026-01-21 22:32:41,630 - ERROR - Traceback (most recent call last):
  File "C:\Users\neverleave\Desktop\量化策略\main.py", line 702, in run_strategy
    self.buy()
    ~~~~~~~~^^
  File "C:\Users\neverleave\Desktop\量化策略\main.py", line 48, in wrapper
    return func(*args, **kwargs)
  File "C:\Users\neverleave\Desktop\量化策略\main.py", line 504, in buy
    order_amount = self.calculate_order_amount(realtime_price)
  File "C:\Users\neverleave\Desktop\量化策略\main.py", line 341, in calculate_order_amount
    balance = self.client.get_accoun
2026-01-21 22:32:52,052 - INFO - ✅ 获取K线 | 周期:1d | 数量:50
2026-01-21 22:32:52,698 - INFO - ✅ 实时价更新 | BTC-USDT-SWAP = 91065.40 USDT
2026-01-21 22:32:52,699 - INFO - ✅ 允许交易 | 当前价:91065.40 | 布林下轨:88019.38
2026-01-21 22:32:53,620 - ERROR - API请求失败: 401 Client Error: Unauthorized for url: https://www.okx.com/api/v5/account/positions?instId=BTC-USDT
2026-01-21 22:32:53,621 - INFO - ✅ 当前无持仓
2026-01-21 22:32:53,928 - INFO - ✅ 获取K线 | 周期:1h | 数量:300
2026-01-21 22:32:54,043 - INFO - ✅ 模型训练完成 | 上涨概率:48.75%
2026-01-21 22:32:54,052 - INFO - 📊 信号 | LR:43.82% | RF:39.36% | 加权:20.13%
2026-01-21 22:32:54,052 - INFO - 📢 收到开多信号，执行开多操作
2026-01-21 22:32:54,278 - INFO - ✅ 实时价更新 | BTC-USDT-SWAP = 91065.40 USDT
2026-01-21 22:32:54,278 - ERROR - ❌ 策略循环异常: 'OKXAPIClient' object has no attribute 'get_account_balance'
2026-01-21 22:32:54,279 - ERROR - Traceback (most recent call last):
  File "C:\Users\neverleave\Desktop\量化策略\main.py", line 702, in run_strategy
    self.buy()
    ~~~~~~~~^^
  File "C:\Users\neverleave\Desktop\量化策略\main.py", line 48, in wrapper
    return func(*args, **kwargs)
  File "C:\Users\neverleave\Desktop\量化策略\main.py", line 504, in buy
    order_amount = self.calculate_order_amount(realtime_price)
  File "C:\Users\neverleave\Desktop\量化策略\main.py", line 341, in calculate_order_amount
    balance = self.client.get_accoun
2026-01-21 22:33:04,867 - INFO - ✅ 获取K线 | 周期:1d | 数量:50
2026-01-21 22:33:07,433 - INFO - ✅ 实时价更新 | BTC-USDT-SWAP = 91099.10 USDT
2026-01-21 22:33:07,434 - INFO - ✅ 允许交易 | 当前价:91099.10 | 布林下轨:88019.38
2026-01-21 22:33:07,965 - ERROR - API请求失败: 401 Client Error: Unauthorized for url: https://www.okx.com/api/v5/account/positions?instId=BTC-USDT
2026-01-21 22:33:07,965 - INFO - ✅ 当前无持仓
2026-01-21 22:33:08,259 - INFO - ✅ 获取K线 | 周期:1h | 数量:300
2026-01-21 22:33:08,370 - INFO - ✅ 模型训练完成 | 上涨概率:48.75%
2026-01-21 22:33:08,379 - INFO - 📊 信号 | LR:43.82% | RF:39.36% | 加权:20.13%
2026-01-21 22:33:08,379 - INFO - 📢 收到开多信号，执行开多操作
2026-01-21 22:33:08,622 - INFO - ✅ 实时价更新 | BTC-USDT-SWAP = 91099.10 USDT
2026-01-21 22:33:08,622 - ERROR - ❌ 策略循环异常: 'OKXAPIClient' object has no attribute 'get_account_balance'
2026-01-21 22:33:08,623 - ERROR - Traceback (most recent call last):
  File "C:\Users\neverleave\Desktop\量化策略\main.py", line 702, in run_strategy
    self.buy()
    ~~~~~~~~^^
  File "C:\Users\neverleave\Desktop\量化策略\main.py", line 48, in wrapper
    return func(*args, **kwargs)
  File "C:\Users\neverleave\Desktop\量化策略\main.py", line 504, in buy
    order_amount = self.calculate_order_amount(realtime_price)
  File "C:\Users\neverleave\Desktop\量化策略\main.py", line 341, in calculate_order_amount
    balance = self.client.get_accoun
2026-01-21 22:33:18,927 - INFO - ✅ 获取K线 | 周期:1d | 数量:50
2026-01-21 22:33:19,171 - INFO - ✅ 实时价更新 | BTC-USDT-SWAP = 91100.00 USDT
2026-01-21 22:33:19,171 - INFO - ✅ 允许交易 | 当前价:91100.00 | 布林下轨:88019.38
2026-01-21 22:33:20,024 - ERROR - API请求失败: 401 Client Error: Unauthorized for url: https://www.okx.com/api/v5/account/positions?instId=BTC-USDT
2026-01-21 22:33:20,024 - INFO - ✅ 当前无持仓
2026-01-21 22:33:20,476 - INFO - ✅ 获取K线 | 周期:1h | 数量:300
2026-01-21 22:33:20,592 - INFO - ✅ 模型训练完成 | 上涨概率:48.75%
2026-01-21 22:33:20,602 - INFO - 📊 信号 | LR:43.82% | RF:39.36% | 加权:20.13%
2026-01-21 22:33:20,602 - INFO - 📢 收到开多信号，执行开多操作
2026-01-21 22:33:21,110 - INFO - ✅ 实时价更新 | BTC-USDT-SWAP = 91107.30 USDT
2026-01-21 22:33:21,110 - ERROR - ❌ 策略循环异常: 'OKXAPIClient' object has no attribute 'get_account_balance'
2026-01-21 22:33:21,111 - ERROR - Traceback (most recent call last):
  File "C:\Users\neverleave\Desktop\量化策略\main.py", line 702, in run_strategy
    self.buy()
    ~~~~~~~~^^
  File "C:\Users\neverleave\Desktop\量化策略\main.py", line 48, in wrapper
    return func(*args, **kwargs)
  File "C:\Users\neverleave\Desktop\量化策略\main.py", line 504, in buy
    order_amount = self.calculate_order_amount(realtime_price)
  File "C:\Users\neverleave\Desktop\量化策略\main.py", line 341, in calculate_order_amount
    balance = self.client.get_accoun
2026-01-21 22:33:31,620 - INFO - ✅ 获取K线 | 周期:1d | 数量:50
2026-01-21 22:33:32,188 - INFO - ✅ 实时价更新 | BTC-USDT-SWAP = 91172.40 USDT
2026-01-21 22:33:32,188 - INFO - ✅ 允许交易 | 当前价:91172.40 | 布林下轨:88019.38
2026-01-21 22:33:32,473 - ERROR - API请求失败: 401 Client Error: Unauthorized for url: https://www.okx.com/api/v5/account/positions?instId=BTC-USDT
2026-01-21 22:33:32,473 - INFO - ✅ 当前无持仓
2026-01-21 22:33:32,821 - INFO - ✅ 获取K线 | 周期:1h | 数量:300
2026-01-21 22:33:32,964 - INFO - ✅ 模型训练完成 | 上涨概率:48.75%
2026-01-21 22:33:32,973 - INFO - 📊 信号 | LR:43.82% | RF:39.36% | 加权:20.13%
2026-01-21 22:33:32,973 - INFO - 📢 收到开多信号，执行开多操作
2026-01-21 22:33:33,257 - INFO - ✅ 实时价更新 | BTC-USDT-SWAP = 91171.30 USDT
2026-01-21 22:33:33,257 - ERROR - ❌ 策略循环异常: 'OKXAPIClient' object has no attribute 'get_account_balance'
2026-01-21 22:33:33,258 - ERROR - Traceback (most recent call last):
  File "C:\Users\neverleave\Desktop\量化策略\main.py", line 702, in run_strategy
    self.buy()
    ~~~~~~~~^^
  File "C:\Users\neverleave\Desktop\量化策略\main.py", line 48, in wrapper
    return func(*args, **kwargs)
  File "C:\Users\neverleave\Desktop\量化策略\main.py", line 504, in buy
    order_amount = self.calculate_order_amount(realtime_price)
  File "C:\Users\neverleave\Desktop\量化策略\main.py", line 341, in calculate_order_amount
    balance = self.client.get_accoun
2026-01-21 22:33:43,802 - INFO - ✅ 获取K线 | 周期:1d | 数量:50
2026-01-21 22:33:44,013 - INFO - ✅ 实时价更新 | BTC-USDT-SWAP = 91257.30 USDT
2026-01-21 22:33:44,013 - INFO - ✅ 允许交易 | 当前价:91257.30 | 布林下轨:88019.38
2026-01-21 22:33:44,767 - ERROR - API请求失败: 401 Client Error: Unauthorized for url: https://www.okx.com/api/v5/account/positions?instId=BTC-USDT
2026-01-21 22:33:44,767 - INFO - ✅ 当前无持仓
2026-01-21 22:33:45,058 - INFO - ✅ 获取K线 | 周期:1h | 数量:300
2026-01-21 22:33:45,160 - INFO - ✅ 模型训练完成 | 上涨概率:48.75%
2026-01-21 22:33:45,169 - INFO - 📊 信号 | LR:43.82% | RF:39.36% | 加权:20.13%
2026-01-21 22:33:45,169 - INFO - 📢 收到开多信号，执行开多操作
2026-01-21 22:33:45,448 - INFO - ✅ 实时价更新 | BTC-USDT-SWAP = 91212.50 USDT
2026-01-21 22:33:45,448 - ERROR - ❌ 策略循环异常: 'OKXAPIClient' object has no attribute 'get_account_balance'
2026-01-21 22:33:45,448 - ERROR - Traceback (most recent call last):
  File "C:\Users\neverleave\Desktop\量化策略\main.py", line 702, in run_strategy
    self.buy()
    ~~~~~~~~^^
  File "C:\Users\neverleave\Desktop\量化策略\main.py", line 48, in wrapper
    return func(*args, **kwargs)
  File "C:\Users\neverleave\Desktop\量化策略\main.py", line 504, in buy
    order_amount = self.calculate_order_amount(realtime_price)
  File "C:\Users\neverleave\Desktop\量化策略\main.py", line 341, in calculate_order_amount
    balance = self.client.get_accoun
2026-01-21 22:33:55,989 - INFO - ✅ 获取K线 | 周期:1d | 数量:50
2026-01-21 22:33:56,223 - INFO - ✅ 实时价更新 | BTC-USDT-SWAP = 91224.20 USDT
2026-01-21 22:33:56,224 - INFO - ✅ 允许交易 | 当前价:91224.20 | 布林下轨:88019.38
2026-01-21 22:33:56,877 - ERROR - API请求失败: 401 Client Error: Unauthorized for url: https://www.okx.com/api/v5/account/positions?instId=BTC-USDT
2026-01-21 22:33:56,877 - INFO - ✅ 当前无持仓
2026-01-21 22:33:57,222 - INFO - ✅ 获取K线 | 周期:1h | 数量:300
2026-01-21 22:33:57,341 - INFO - ✅ 模型训练完成 | 上涨概率:48.75%
2026-01-21 22:33:57,352 - INFO - 📊 信号 | LR:43.82% | RF:39.36% | 加权:20.13%
2026-01-21 22:33:57,352 - INFO - 📢 收到开多信号，执行开多操作
2026-01-21 22:33:57,746 - INFO - ✅ 实时价更新 | BTC-USDT-SWAP = 91137.90 USDT
2026-01-21 22:33:57,746 - ERROR - ❌ 策略循环异常: 'OKXAPIClient' object has no attribute 'get_account_balance'
2026-01-21 22:33:57,746 - ERROR - Traceback (most recent call last):
  File "C:\Users\neverleave\Desktop\量化策略\main.py", line 702, in run_strategy
    self.buy()
    ~~~~~~~~^^
  File "C:\Users\neverleave\Desktop\量化策略\main.py", line 48, in wrapper
    return func(*args, **kwargs)
  File "C:\Users\neverleave\Desktop\量化策略\main.py", line 504, in buy
    order_amount = self.calculate_order_amount(realtime_price)
  File "C:\Users\neverleave\Desktop\量化策略\main.py", line 341, in calculate_order_amount
    balance = self.client.get_accoun
2026-01-21 22:34:08,023 - INFO - ✅ 获取K线 | 周期:1d | 数量:50
2026-01-21 22:34:08,291 - INFO - ✅ 实时价更新 | BTC-USDT-SWAP = 91205.80 USDT
2026-01-21 22:34:08,291 - INFO - ✅ 允许交易 | 当前价:91205.80 | 布林下轨:88019.38
2026-01-21 22:34:08,551 - ERROR - API请求失败: 401 Client Error: Unauthorized for url: https://www.okx.com/api/v5/account/positions?instId=BTC-USDT
2026-01-21 22:34:08,552 - INFO - ✅ 当前无持仓
2026-01-21 22:34:08,869 - INFO - ✅ 获取K线 | 周期:1h | 数量:300
2026-01-21 22:34:09,002 - INFO - ✅ 模型训练完成 | 上涨概率:48.75%
2026-01-21 22:34:09,014 - INFO - 📊 信号 | LR:43.82% | RF:39.36% | 加权:20.13%
2026-01-21 22:34:09,014 - INFO - 📢 收到开多信号，执行开多操作
2026-01-21 22:34:09,301 - INFO - ✅ 实时价更新 | BTC-USDT-SWAP = 91205.80 USDT
2026-01-21 22:34:09,301 - ERROR - ❌ 策略循环异常: 'OKXAPIClient' object has no attribute 'get_account_balance'
2026-01-21 22:34:09,302 - ERROR - Traceback (most recent call last):
  File "C:\Users\neverleave\Desktop\量化策略\main.py", line 702, in run_strategy
    self.buy()
    ~~~~~~~~^^
  File "C:\Users\neverleave\Desktop\量化策略\main.py", line 48, in wrapper
    return func(*args, **kwargs)
  File "C:\Users\neverleave\Desktop\量化策略\main.py", line 504, in buy
    order_amount = self.calculate_order_amount(realtime_price)
  File "C:\Users\neverleave\Desktop\量化策略\main.py", line 341, in calculate_order_amount
    balance = self.client.get_accoun
2026-01-21 22:34:19,567 - INFO - ✅ 获取K线 | 周期:1d | 数量:50
2026-01-21 22:34:20,425 - INFO - ✅ 实时价更新 | BTC-USDT-SWAP = 91228.70 USDT
2026-01-21 22:34:20,425 - INFO - ✅ 允许交易 | 当前价:91228.70 | 布林下轨:88019.38
2026-01-21 22:34:20,708 - ERROR - API请求失败: 401 Client Error: Unauthorized for url: https://www.okx.com/api/v5/account/positions?instId=BTC-USDT
2026-01-21 22:34:20,708 - INFO - ✅ 当前无持仓
2026-01-21 22:34:21,482 - INFO - ✅ 获取K线 | 周期:1h | 数量:300
2026-01-21 22:34:21,606 - INFO - ✅ 模型训练完成 | 上涨概率:48.75%
2026-01-21 22:34:21,615 - INFO - 📊 信号 | LR:43.82% | RF:39.36% | 加权:20.13%
2026-01-21 22:34:21,615 - INFO - 📢 收到开多信号，执行开多操作
2026-01-21 22:34:22,194 - INFO - ✅ 实时价更新 | BTC-USDT-SWAP = 91236.50 USDT
2026-01-21 22:34:22,194 - ERROR - ❌ 策略循环异常: 'OKXAPIClient' object has no attribute 'get_account_balance'
2026-01-21 22:34:22,195 - ERROR - Traceback (most recent call last):
  File "C:\Users\neverleave\Desktop\量化策略\main.py", line 702, in run_strategy
    self.buy()
    ~~~~~~~~^^
  File "C:\Users\neverleave\Desktop\量化策略\main.py", line 48, in wrapper
    return func(*args, **kwargs)
  File "C:\Users\neverleave\Desktop\量化策略\main.py", line 504, in buy
    order_amount = self.calculate_order_amount(realtime_price)
  File "C:\Users\neverleave\Desktop\量化策略\main.py", line 341, in calculate_order_amount
    balance = self.client.get_accoun
2026-01-21 22:34:32,901 - INFO - ✅ 获取K线 | 周期:1d | 数量:50
2026-01-21 22:34:33,176 - INFO - ✅ 实时价更新 | BTC-USDT-SWAP = 91297.20 USDT
2026-01-21 22:34:33,177 - INFO - ✅ 允许交易 | 当前价:91297.20 | 布林下轨:88019.38
2026-01-21 22:34:33,432 - ERROR - API请求失败: 401 Client Error: Unauthorized for url: https://www.okx.com/api/v5/account/positions?instId=BTC-USDT
2026-01-21 22:34:33,432 - INFO - ✅ 当前无持仓
2026-01-21 22:34:33,737 - INFO - ✅ 获取K线 | 周期:1h | 数量:300
2026-01-21 22:34:33,842 - INFO - ✅ 模型训练完成 | 上涨概率:48.75%
2026-01-21 22:34:33,851 - INFO - 📊 信号 | LR:43.82% | RF:39.36% | 加权:20.13%
2026-01-21 22:34:33,851 - INFO - 📢 收到开多信号，执行开多操作
2026-01-21 22:34:34,515 - INFO - ✅ 实时价更新 | BTC-USDT-SWAP = 91297.20 USDT
2026-01-21 22:34:34,515 - ERROR - ❌ 策略循环异常: 'OKXAPIClient' object has no attribute 'get_account_balance'
2026-01-21 22:34:34,516 - ERROR - Traceback (most recent call last):
  File "C:\Users\neverleave\Desktop\量化策略\main.py", line 702, in run_strategy
    self.buy()
    ~~~~~~~~^^
  File "C:\Users\neverleave\Desktop\量化策略\main.py", line 48, in wrapper
    return func(*args, **kwargs)
  File "C:\Users\neverleave\Desktop\量化策略\main.py", line 504, in buy
    order_amount = self.calculate_order_amount(realtime_price)
  File "C:\Users\neverleave\Desktop\量化策略\main.py", line 341, in calculate_order_amount
    balance = self.client.get_accoun
2026-01-21 22:34:44,871 - INFO - ✅ 获取K线 | 周期:1d | 数量:50
2026-01-21 22:34:45,101 - INFO - ✅ 实时价更新 | BTC-USDT-SWAP = 91290.20 USDT
2026-01-21 22:34:45,101 - INFO - ✅ 允许交易 | 当前价:91290.20 | 布林下轨:88019.38
2026-01-21 22:34:45,401 - ERROR - API请求失败: 401 Client Error: Unauthorized for url: https://www.okx.com/api/v5/account/positions?instId=BTC-USDT
2026-01-21 22:34:45,401 - INFO - ✅ 当前无持仓
2026-01-21 22:34:45,769 - INFO - ✅ 获取K线 | 周期:1h | 数量:300
2026-01-21 22:34:45,874 - INFO - ✅ 模型训练完成 | 上涨概率:48.75%
2026-01-21 22:34:45,883 - INFO - 📊 信号 | LR:43.82% | RF:39.36% | 加权:20.13%
2026-01-21 22:34:45,883 - INFO - 📢 收到开多信号，执行开多操作
2026-01-21 22:34:46,124 - INFO - ✅ 实时价更新 | BTC-USDT-SWAP = 91310.30 USDT
2026-01-21 22:34:46,125 - ERROR - ❌ 策略循环异常: 'OKXAPIClient' object has no attribute 'get_account_balance'
2026-01-21 22:34:46,125 - ERROR - Traceback (most recent call last):
  File "C:\Users\neverleave\Desktop\量化策略\main.py", line 702, in run_strategy
    self.buy()
    ~~~~~~~~^^
  File "C:\Users\neverleave\Desktop\量化策略\main.py", line 48, in wrapper
    return func(*args, **kwargs)
  File "C:\Users\neverleave\Desktop\量化策略\main.py", line 504, in buy
    order_amount = self.calculate_order_amount(realtime_price)
  File "C:\Users\neverleave\Desktop\量化策略\main.py", line 341, in calculate_order_amount
    balance = self.client.get_accoun
2026-01-21 22:34:56,700 - INFO - ✅ 获取K线 | 周期:1d | 数量:50
2026-01-21 22:34:56,982 - INFO - ✅ 实时价更新 | BTC-USDT-SWAP = 91353.00 USDT
2026-01-21 22:34:56,982 - INFO - ✅ 允许交易 | 当前价:91353.00 | 布林下轨:88019.38
2026-01-21 22:34:57,889 - ERROR - API请求失败: 401 Client Error: Unauthorized for url: https://www.okx.com/api/v5/account/positions?instId=BTC-USDT
2026-01-21 22:34:57,889 - INFO - ✅ 当前无持仓
2026-01-21 22:34:58,191 - INFO - ✅ 获取K线 | 周期:1h | 数量:300
2026-01-21 22:34:58,318 - INFO - ✅ 模型训练完成 | 上涨概率:48.75%
2026-01-21 22:34:58,335 - INFO - 📊 信号 | LR:43.82% | RF:39.36% | 加权:20.13%
2026-01-21 22:34:58,335 - INFO - 📢 收到开多信号，执行开多操作
2026-01-21 22:34:58,633 - INFO - ✅ 实时价更新 | BTC-USDT-SWAP = 91340.00 USDT
2026-01-21 22:34:58,633 - ERROR - ❌ 策略循环异常: 'OKXAPIClient' object has no attribute 'get_account_balance'
2026-01-21 22:34:58,634 - ERROR - Traceback (most recent call last):
  File "C:\Users\neverleave\Desktop\量化策略\main.py", line 702, in run_strategy
    self.buy()
    ~~~~~~~~^^
  File "C:\Users\neverleave\Desktop\量化策略\main.py", line 48, in wrapper
    return func(*args, **kwargs)
  File "C:\Users\neverleave\Desktop\量化策略\main.py", line 504, in buy
    order_amount = self.calculate_order_amount(realtime_price)
  File "C:\Users\neverleave\Desktop\量化策略\main.py", line 341, in calculate_order_amount
    balance = self.client.get_accoun
2026-01-21 22:35:08,875 - INFO - ✅ 获取K线 | 周期:1d | 数量:50
2026-01-21 22:35:09,156 - INFO - ✅ 实时价更新 | BTC-USDT-SWAP = 91329.60 USDT
2026-01-21 22:35:09,157 - INFO - ✅ 允许交易 | 当前价:91329.60 | 布林下轨:88019.38
2026-01-21 22:35:09,419 - ERROR - API请求失败: 401 Client Error: Unauthorized for url: https://www.okx.com/api/v5/account/positions?instId=BTC-USDT
2026-01-21 22:35:09,419 - INFO - ✅ 当前无持仓
2026-01-21 22:35:10,556 - INFO - ✅ 获取K线 | 周期:1h | 数量:300
2026-01-21 22:35:10,664 - INFO - ✅ 模型训练完成 | 上涨概率:48.75%
2026-01-21 22:35:10,674 - INFO - 📊 信号 | LR:43.82% | RF:39.36% | 加权:20.13%
2026-01-21 22:35:10,674 - INFO - 📢 收到开多信号，执行开多操作
2026-01-21 22:35:10,922 - INFO - ✅ 实时价更新 | BTC-USDT-SWAP = 91335.10 USDT
2026-01-21 22:35:10,922 - ERROR - ❌ 策略循环异常: 'OKXAPIClient' object has no attribute 'get_account_balance'
2026-01-21 22:35:10,923 - ERROR - Traceback (most recent call last):
  File "C:\Users\neverleave\Desktop\量化策略\main.py", line 702, in run_strategy
    self.buy()
    ~~~~~~~~^^
  File "C:\Users\neverleave\Desktop\量化策略\main.py", line 48, in wrapper
    return func(*args, **kwargs)
  File "C:\Users\neverleave\Desktop\量化策略\main.py", line 504, in buy
    order_amount = self.calculate_order_amount(realtime_price)
  File "C:\Users\neverleave\Desktop\量化策略\main.py", line 341, in calculate_order_amount
    balance = self.client.get_accoun
2026-01-21 22:37:47,891 - INFO - ✅ 杠杆设置成功 | 10倍
2026-01-21 22:37:48,656 - INFO - ✅ 永续合约策略初始化完成
2026-01-21 22:37:48,656 - INFO - 交易对: BTC-USDT-SWAP | 杠杆: 10倍 | 仓位比例: 10.0%
2026-01-21 22:37:48,656 - INFO - ============================================================
2026-01-21 22:37:48,656 - INFO - 📈 OKX永续合约策略启动 | 2026-01-21 22:37:48
2026-01-21 22:37:48,656 - INFO - ============================================================

2026-01-21 22:37:49,594 - INFO - ✅ 获取K线 | 周期:1d | 数量:50
2026-01-21 22:37:49,779 - INFO - ✅ 实时价更新 | BTC-USDT-SWAP = 91310.00 USDT
2026-01-21 22:37:49,779 - INFO - ✅ 允许交易 | 当前价:91310.00 | 布林下轨:88019.38
2026-01-21 22:37:50,705 - INFO - ✅ 获取K线 | 周期:1h | 数量:300
2026-01-21 22:37:50,806 - INFO - ✅ 模型训练完成 | 上涨概率:48.75%
2026-01-21 22:37:50,814 - INFO - 📊 信号 | LR:43.82% | RF:39.36% | 加权:20.13%
2026-01-21 22:37:50,815 - INFO - 📢 收到开多信号，执行开多操作
2026-01-21 22:37:50,972 - INFO - ✅ 实时价更新 | BTC-USDT-SWAP = 91310.00 USDT
2026-01-21 22:37:51,203 - INFO - ✅ 获取账户余额 | USDT: 113174.39
2026-01-21 22:37:51,203 - INFO - 📊 仓位计算 | 余额: 113174.38907914617 USDT | 下单金额: 11317.44 USDT | 数量: 0.124
2026-01-21 22:37:51,659 - INFO - 📥 订单响应 | {
  "info": {
    "clOrdId": "6b9ad766b55dBCDEdfce5cd0ea6f7865",
    "ordId": "3238132566428749824",
    "sCode": "0",
    "sMsg": "Order placed",
    "tag": "6b9ad766b55dBCDE",
    "ts": "1769006270678"
  },
  "id": "3238132566428749824",
  "clientOrderId": "6b9ad766b55dBCDEdfce5cd0ea6f7865",
  "timestamp": null,
  "datetime": null,
  "lastTradeTimestamp": null,
  "lastUpdateTimestamp": null,
  "symbol": "BTC/USDT:USDT",
  "type": "market",
  "timeInForce": null,
  "postOnly": null,
  "side": "
2026-01-21 22:37:51,659 - ERROR - 开多异常: float() argument must be a string or a real number, not 'NoneType'
2026-01-21 22:37:51,660 - ERROR - Traceback (most recent call last):
  File "C:\Users\neverleave\Desktop\量化策略\main.py", line 486, in buy
    self.entry_price = float(order.get('average', realtime_price))
                       ~~~~~^^^^^^^^^^^^^^^^^^^^^^^^^^^^^^^^^^^^^^
TypeError: float() argument must be a string or a real number, not 'NoneType'

2026-01-21 22:37:51,660 - INFO - 
⏳ 等待60秒进入下一轮...
============================================================

2026-01-21 22:38:52,013 - INFO - ✅ 获取K线 | 周期:1d | 数量:50
2026-01-21 22:38:52,479 - INFO - ✅ 实时价更新 | BTC-USDT-SWAP = 91311.80 USDT
2026-01-21 22:38:52,479 - INFO - ✅ 允许交易 | 当前价:91311.80 | 布林下轨:88019.38
2026-01-21 22:38:53,333 - INFO - ✅ 获取K线 | 周期:1h | 数量:300
2026-01-21 22:38:53,457 - INFO - ✅ 模型训练完成 | 上涨概率:48.75%
2026-01-21 22:38:53,471 - INFO - 📊 信号 | LR:43.82% | RF:39.36% | 加权:20.13%
2026-01-21 22:38:53,471 - INFO - 
⏳ 等待60秒进入下一轮...
============================================================

2026-01-21 22:39:54,002 - INFO - ✅ 获取K线 | 周期:1d | 数量:50
2026-01-21 22:39:54,462 - INFO - ✅ 实时价更新 | BTC-USDT-SWAP = 91231.90 USDT
2026-01-21 22:39:54,462 - INFO - ✅ 允许交易 | 当前价:91231.90 | 布林下轨:88019.38
2026-01-21 22:39:55,215 - INFO - ✅ 获取K线 | 周期:1h | 数量:300
2026-01-21 22:39:55,319 - INFO - ✅ 模型训练完成 | 上涨概率:48.75%
2026-01-21 22:39:55,328 - INFO - 📊 信号 | LR:43.82% | RF:39.36% | 加权:20.13%
2026-01-21 22:39:55,328 - INFO - 
⏳ 等待60秒进入下一轮...
============================================================

2026-01-21 22:40:39,560 - INFO - 
🛑 用户手动终止策略
2026-01-21 22:40:39,560 - INFO - 
🔴 执行强制平仓...
2026-01-21 22:40:39,560 - INFO - 📌 平仓重试 1/3
2026-01-21 22:40:39,730 - INFO - ✅ 实时价更新 | BTC-USDT-SWAP = 91120.80 USDT
2026-01-21 22:40:39,951 - INFO - ✅ 获取账户余额 | USDT: 113174.15
2026-01-21 22:40:39,951 - INFO - 📊 仓位计算 | 余额: 113174.15189164618 USDT | 下单金额: 11317.42 USDT | 数量: 0.124
2026-01-21 22:40:40,954 - ERROR - 平多异常: float() argument must be a string or a real number, not 'NoneType'
2026-01-21 22:40:40,954 - ERROR - Traceback (most recent call last):
  File "C:\Users\neverleave\Desktop\量化策略\main.py", line 623, in run_strategy
    time.sleep(self.cycle_interval)
    ~~~~~~~~~~^^^^^^^^^^^^^^^^^^^^^
KeyboardInterrupt

During handling of the above exception, another exception occurred:

Traceback (most recent call last):
  File "C:\Users\neverleave\Desktop\量化策略\main.py", line 536, in sell
    sell_price = float(order.get('average', realtime_price))
TypeError: float() argument must be a string or a real number, 
2026-01-21 22:40:42,955 - INFO - 📌 平仓重试 2/3
2026-01-21 22:40:43,145 - INFO - ✅ 实时价更新 | BTC-USDT-SWAP = 91121.60 USDT
2026-01-21 22:40:43,351 - INFO - ✅ 获取账户余额 | USDT: 113174.05
2026-01-21 22:40:43,352 - INFO - 📊 仓位计算 | 余额: 113174.04960915117 USDT | 下单金额: 11317.40 USDT | 数量: 0.124
2026-01-21 22:40:43,530 - ERROR - 平多异常: okx {"code":"1","data":[{"clOrdId":"6b9ad766b55dBCDE7299b4e41985cf0b","ordId":"","sCode":"51169","sM
2026-01-21 22:40:43,534 - ERROR - Traceback (most recent call last):
  File "C:\Users\neverleave\Desktop\量化策略\main.py", line 623, in run_strategy
    time.sleep(self.cycle_interval)
    ~~~~~~~~~~^^^^^^^^^^^^^^^^^^^^^
KeyboardInterrupt

During handling of the above exception, another exception occurred:

Traceback (most recent call last):
  File "C:\Users\neverleave\Desktop\量化策略\main.py", line 529, in sell
    order = self.client.okx_ccxt.create_market_sell_order(
        self.symbol,
        order_amount,
        {'posSide': 'l
2026-01-21 22:40:51,579 - INFO - ✅ 杠杆设置成功 | 10倍
2026-01-21 22:40:52,391 - INFO - ✅ 永续合约策略初始化完成
2026-01-21 22:40:52,391 - INFO - 交易对: BTC-USDT-SWAP | 杠杆: 10倍 | 仓位比例: 10.0%
2026-01-21 22:40:52,392 - INFO - ============================================================
2026-01-21 22:40:52,392 - INFO - 📈 OKX永续合约策略启动 | 2026-01-21 22:40:52
2026-01-21 22:40:52,392 - INFO - ============================================================

2026-01-21 22:40:52,637 - INFO - ✅ 获取K线 | 周期:1d | 数量:50
2026-01-21 22:40:52,890 - INFO - ✅ 实时价更新 | BTC-USDT-SWAP = 91087.00 USDT
2026-01-21 22:40:52,890 - INFO - ✅ 允许交易 | 当前价:91087.00 | 布林下轨:88019.38
2026-01-21 22:40:53,769 - INFO - ✅ 获取K线 | 周期:1h | 数量:300
2026-01-21 22:40:53,868 - INFO - ✅ 模型训练完成 | 上涨概率:48.75%
2026-01-21 22:40:53,877 - INFO - 📊 信号 | LR:43.82% | RF:39.36% | 加权:20.13%
2026-01-21 22:40:53,877 - INFO - 📢 收到开多信号，执行开多操作
2026-01-21 22:40:54,194 - INFO - ✅ 实时价更新 | BTC-USDT-SWAP = 91137.90 USDT
2026-01-21 22:40:54,491 - INFO - ✅ 获取账户余额 | USDT: 113174.05
2026-01-21 22:40:54,491 - INFO - 📊 仓位计算 | 余额: 113174.04960915117 USDT | 下单金额: 11317.40 USDT | 数量: 0.124
2026-01-21 22:40:54,491 - INFO - 📤 发送开多订单 | 数量: 0.124
2026-01-21 22:40:54,902 - INFO - 📥 订单已提交 | 订单ID: 3238138712996712448
2026-01-21 22:40:55,202 - INFO - 🟢 开多成功 | 订单ID:3238138712996712448 | 均价:91174.12 | 数量:0.120 | 状态:closed
2026-01-21 22:40:55,854 - INFO - 
⏳ 等待60秒进入下一轮...
============================================================

2026-01-21 22:41:25,104 - INFO - 
🛑 用户手动终止策略
2026-01-21 22:41:25,104 - INFO - 
🔴 执行强制平仓...
2026-01-21 22:48:49,307 - INFO - ✅ 杠杆设置成功 | 10倍
2026-01-21 22:48:50,081 - INFO - ✅ 永续合约策略初始化完成
2026-01-21 22:48:50,081 - INFO - 交易对: BTC-USDT-SWAP | 杠杆: 10倍 | 仓位比例: 10.0%
2026-01-21 22:48:50,081 - INFO - ============================================================
2026-01-21 22:48:50,081 - INFO - 📈 OKX永续合约策略启动 | 2026-01-21 22:48:50
2026-01-21 22:48:50,081 - INFO - ============================================================

2026-01-21 22:48:50,280 - INFO - ✅ 获取K线 | 周期:1d | 数量:50
2026-01-21 22:48:50,590 - INFO - ✅ 实时价更新 | BTC-USDT-SWAP = 91053.50 USDT
2026-01-21 22:48:50,590 - INFO - ✅ 允许交易 | 当前价:91053.50 | 布林下轨:88019.38
2026-01-21 22:48:52,116 - INFO - ✅ 获取K线 | 周期:1h | 数量:300
2026-01-21 22:48:52,217 - INFO - ✅ 模型训练完成 | 上涨概率:48.75%
2026-01-21 22:48:52,226 - INFO - 📊 信号 | LR:43.82% | RF:39.36% | 加权:20.13%
2026-01-21 22:48:52,226 - INFO - 📢 收到开多信号，执行开多操作
2026-01-21 22:48:52,480 - INFO - ✅ 实时价更新 | BTC-USDT-SWAP = 91048.40 USDT
2026-01-21 22:48:52,809 - INFO - ✅ 获取账户余额 | USDT: 113173.81
2026-01-21 22:48:52,809 - INFO - 📊 仓位计算 | 余额: 113173.81 USDT | 下单金额: 11317.38 USDT | 数量: 0.124 BTC
2026-01-21 22:48:52,809 - INFO - 📤 发送开多订单 | 数量: 0.124
2026-01-21 22:48:53,095 - INFO - 📥 订单已提交 | 订单ID: 3238154757987897344
2026-01-21 22:48:53,696 - INFO - 🟢 开多成功 | 订单ID:3238154757987897344 | 均价:91053.50 | 数量:0.120 | 状态:closed
2026-01-21 22:48:53,965 - INFO - 
⏳ 等待60秒进入下一轮...
============================================================

2026-01-21 22:49:54,198 - INFO - ✅ 获取K线 | 周期:1d | 数量:50
2026-01-21 22:49:54,476 - INFO - ✅ 实时价更新 | BTC-USDT-SWAP = 91042.50 USDT
2026-01-21 22:49:54,476 - INFO - ✅ 允许交易 | 当前价:91042.50 | 布林下轨:88019.38
2026-01-21 22:49:55,744 - INFO - ✅ 获取K线 | 周期:1h | 数量:300
2026-01-21 22:49:55,856 - INFO - ✅ 模型训练完成 | 上涨概率:48.75%
2026-01-21 22:49:55,865 - INFO - 📊 信号 | LR:43.82% | RF:39.36% | 加权:20.13%
2026-01-21 22:49:55,865 - INFO - 📢 收到开多信号，执行开多操作
2026-01-21 22:49:56,512 - INFO - ✅ 实时价更新 | BTC-USDT-SWAP = 91046.70 USDT
2026-01-21 22:49:56,873 - INFO - ✅ 获取账户余额 | USDT: 113173.67
2026-01-21 22:49:56,873 - INFO - 📊 仓位计算 | 余额: 113173.67 USDT | 下单金额: 11317.37 USDT | 数量: 0.124 BTC
2026-01-21 22:49:56,873 - INFO - 📤 发送开多订单 | 数量: 0.124
2026-01-21 22:49:57,468 - INFO - 📥 订单已提交 | 订单ID: 3238156919363080192
2026-01-21 22:49:58,082 - INFO - 🟢 开多成功 | 订单ID:3238156919363080192 | 均价:91046.70 | 数量:0.120 | 状态:closed
2026-01-21 22:49:58,679 - INFO - 
⏳ 等待60秒进入下一轮...
============================================================

2026-01-21 22:50:58,900 - INFO - ✅ 获取K线 | 周期:1d | 数量:50
2026-01-21 22:50:59,862 - INFO - ✅ 实时价更新 | BTC-USDT-SWAP = 90992.90 USDT
2026-01-21 22:50:59,862 - INFO - ✅ 允许交易 | 当前价:90992.90 | 布林下轨:88019.38
2026-01-21 22:51:00,977 - INFO - ✅ 获取K线 | 周期:1h | 数量:300
2026-01-21 22:51:01,080 - INFO - ✅ 模型训练完成 | 上涨概率:48.75%
2026-01-21 22:51:01,088 - INFO - 📊 信号 | LR:43.82% | RF:39.36% | 加权:20.13%
2026-01-21 22:51:01,089 - INFO - 📢 收到开多信号，执行开多操作
2026-01-21 22:51:02,258 - INFO - ✅ 实时价更新 | BTC-USDT-SWAP = 90996.40 USDT
2026-01-21 22:51:02,528 - INFO - ✅ 获取账户余额 | USDT: 113173.57
2026-01-21 22:51:02,528 - INFO - 📊 仓位计算 | 余额: 113173.57 USDT | 下单金额: 11317.36 USDT | 数量: 0.124 BTC
2026-01-21 22:51:02,528 - INFO - 📤 发送开多订单 | 数量: 0.124
2026-01-21 22:51:03,104 - INFO - 📥 订单已提交 | 订单ID: 3238159121372680192
2026-01-21 22:51:03,371 - INFO - 🟢 开多成功 | 订单ID:3238159121372680192 | 均价:90996.40 | 数量:0.120 | 状态:closed
2026-01-21 22:51:03,639 - INFO - 
⏳ 等待60秒进入下一轮...
============================================================

2026-01-21 22:51:42,591 - INFO - 
🛑 用户手动终止策略
2026-01-21 22:51:42,591 - INFO - 
🔴 执行强制平仓...
2026-01-21 22:51:53,481 - INFO - ✅ 杠杆设置成功 | 10倍
2026-01-21 22:51:54,290 - INFO - ✅ 永续合约策略初始化完成
2026-01-21 22:51:54,290 - INFO - 交易对: BTC-USDT-SWAP | 杠杆: 10倍 | 仓位比例: 10.0%
2026-01-21 22:51:54,290 - INFO - ============================================================
2026-01-21 22:51:54,290 - INFO - 📈 OKX永续合约策略启动 | 2026-01-21 22:51:54
2026-01-21 22:51:54,290 - INFO - ============================================================

2026-01-21 22:51:54,849 - INFO - ✅ 获取K线 | 周期:1d | 数量:50
2026-01-21 22:51:55,456 - INFO - ✅ 实时价更新 | BTC-USDT-SWAP = 90996.40 USDT
2026-01-21 22:51:55,456 - INFO - ✅ 允许交易 | 当前价:90996.40 | 布林下轨:88019.38
2026-01-21 22:51:56,050 - INFO - ✅ 获取K线 | 周期:1h | 数量:300
2026-01-21 22:51:56,150 - INFO - ✅ 模型训练完成 | 上涨概率:48.75%
2026-01-21 22:51:56,159 - INFO - 📊 信号 | LR:43.82% | RF:39.36% | 加权:20.13%
2026-01-21 22:51:56,159 - INFO - 📢 收到开多信号，执行开多操作
2026-01-21 22:51:57,385 - INFO - ✅ 实时价更新 | BTC-USDT-SWAP = 90996.40 USDT
2026-01-21 22:51:57,973 - INFO - ✅ 获取账户余额 | USDT: 113173.51
2026-01-21 22:51:57,973 - INFO - 📊 仓位计算 | 余额: 113173.51 USDT | 下单金额: 11317.35 USDT | 数量: 0.124 BTC
2026-01-21 22:51:57,973 - INFO - 📤 发送开多订单 | 数量: 0.124/100
2026-01-21 22:51:58,294 - INFO - 📥 订单已提交 | 订单ID: 3238160971060744192
2026-01-21 22:51:58,919 - INFO - 🟢 开多成功 | 订单ID:3238160971060744192 | 均价:90996.40 | 数量:0.120 | 状态:closed
2026-01-21 22:51:59,279 - INFO - 
⏳ 等待60秒进入下一轮...
============================================================

2026-01-21 22:52:35,957 - INFO - 
🛑 用户手动终止策略
2026-01-21 22:52:35,957 - INFO - 
🔴 执行强制平仓...
2026-01-21 22:52:50,022 - INFO - ✅ 杠杆设置成功 | 10倍
2026-01-21 22:52:50,784 - INFO - ✅ 永续合约策略初始化完成
2026-01-21 22:52:50,784 - INFO - 交易对: BTC-USDT-SWAP | 杠杆: 10倍 | 仓位比例: 10.0%
2026-01-21 22:52:50,784 - INFO - ============================================================
2026-01-21 22:52:50,784 - INFO - 📈 OKX永续合约策略启动 | 2026-01-21 22:52:50
2026-01-21 22:52:50,784 - INFO - ============================================================

2026-01-21 22:52:51,006 - INFO - ✅ 获取K线 | 周期:1d | 数量:50
2026-01-21 22:52:51,188 - INFO - ✅ 实时价更新 | BTC-USDT-SWAP = 90991.70 USDT
2026-01-21 22:52:51,188 - INFO - ✅ 允许交易 | 当前价:90991.70 | 布林下轨:88019.38
2026-01-21 22:52:51,971 - INFO - ✅ 获取K线 | 周期:1h | 数量:300
2026-01-21 22:52:52,069 - INFO - ✅ 模型训练完成 | 上涨概率:48.75%
2026-01-21 22:52:52,078 - INFO - 📊 信号 | LR:43.82% | RF:39.36% | 加权:20.13%
2026-01-21 22:52:52,078 - INFO - 📢 收到开多信号，执行开多操作
2026-01-21 22:52:52,247 - INFO - ✅ 实时价更新 | BTC-USDT-SWAP = 90991.70 USDT
2026-01-21 22:52:52,789 - INFO - ✅ 获取账户余额 | USDT: 113173.46
2026-01-21 22:52:52,789 - INFO - 📊 仓位计算 | 余额: 113173.46 USDT | 下单金额: 11317.35 USDT | 数量: 0.124 BTC
2026-01-21 22:52:52,789 - INFO - 📤 发送开多订单 | 数量: 0.00124
2026-01-21 22:52:53,331 - INFO - 📥 订单已提交 | 订单ID: 3238162821252124672
2026-01-21 22:52:53,572 - INFO - 🟢 开多成功 | 订单ID:3238162821252124672 | 均价:90991.70 | 数量:0.120 | 状态:closed
2026-01-21 22:52:53,756 - INFO - 
⏳ 等待60秒进入下一轮...
============================================================

2026-01-21 22:53:53,949 - INFO - ✅ 获取K线 | 周期:1d | 数量:50
2026-01-21 22:53:54,448 - INFO - ✅ 实时价更新 | BTC-USDT-SWAP = 90850.30 USDT
2026-01-21 22:53:54,448 - INFO - ✅ 允许交易 | 当前价:90850.30 | 布林下轨:88019.38
2026-01-21 22:53:54,836 - INFO - ✅ 获取K线 | 周期:1h | 数量:300
2026-01-21 22:53:54,935 - INFO - ✅ 模型训练完成 | 上涨概率:48.75%
2026-01-21 22:53:54,944 - INFO - 📊 信号 | LR:43.82% | RF:39.36% | 加权:20.13%
2026-01-21 22:53:54,944 - INFO - 📢 收到开多信号，执行开多操作
2026-01-21 22:53:55,093 - INFO - ✅ 实时价更新 | BTC-USDT-SWAP = 90888.90 USDT
2026-01-21 22:53:55,357 - INFO - ✅ 获取账户余额 | USDT: 113172.84
2026-01-21 22:53:55,357 - INFO - 📊 仓位计算 | 余额: 113172.84 USDT | 下单金额: 11317.28 USDT | 数量: 0.125 BTC
2026-01-21 22:53:55,357 - INFO - 📤 发送开多订单 | 数量: 0.00125
2026-01-21 22:53:55,513 - INFO - 📥 订单已提交 | 订单ID: 3238164908270686208
2026-01-21 22:53:55,688 - INFO - 🟢 开多成功 | 订单ID:3238164908270686208 | 均价:90888.90 | 数量:0.120 | 状态:closed
2026-01-21 22:53:55,917 - INFO - 
⏳ 等待60秒进入下一轮...
============================================================

2026-01-21 22:54:08,091 - INFO - 
🛑 用户手动终止策略
2026-01-21 22:54:08,091 - INFO - 
🔴 执行强制平仓...
2026-01-21 22:54:16,872 - INFO - ✅ 杠杆设置成功 | 10倍
2026-01-21 22:54:17,683 - INFO - ✅ 永续合约策略初始化完成
2026-01-21 22:54:17,683 - INFO - 交易对: BTC-USDT-SWAP | 杠杆: 10倍 | 仓位比例: 10.0%
2026-01-21 22:54:17,683 - INFO - ============================================================
2026-01-21 22:54:17,683 - INFO - 📈 OKX永续合约策略启动 | 2026-01-21 22:54:17
2026-01-21 22:54:17,683 - INFO - ============================================================

2026-01-21 22:54:18,310 - INFO - ✅ 获取K线 | 周期:1d | 数量:50
2026-01-21 22:54:18,577 - INFO - ✅ 实时价更新 | BTC-USDT-SWAP = 91000.50 USDT
2026-01-21 22:54:18,577 - INFO - ✅ 允许交易 | 当前价:91000.50 | 布林下轨:88019.38
2026-01-21 22:54:19,185 - INFO - ✅ 获取K线 | 周期:1h | 数量:300
2026-01-21 22:54:19,285 - INFO - ✅ 模型训练完成 | 上涨概率:48.75%
2026-01-21 22:54:19,294 - INFO - 📊 信号 | LR:43.82% | RF:39.36% | 加权:20.13%
2026-01-21 22:54:19,294 - INFO - 📢 收到开多信号，执行开多操作
2026-01-21 22:54:19,849 - INFO - ✅ 实时价更新 | BTC-USDT-SWAP = 91000.00 USDT
2026-01-21 22:54:20,806 - INFO - ✅ 获取账户余额 | USDT: 113173.39
2026-01-21 22:54:20,806 - INFO - 📊 仓位计算 | 余额: 113173.39 USDT | 下单金额: 11317.34 USDT | 数量: 0.001 BTC
2026-01-21 22:54:20,806 - INFO - 📤 发送开多订单 | 数量: 0.001
2026-01-21 22:54:20,806 - ERROR - 开多异常: okx amount of BTC/USDT:USDT must be greater than minimum amount precision of 0.01
2026-01-21 22:54:20,810 - ERROR - Traceback (most recent call last):
  File "C:\Users\neverleave\Desktop\量化策略\main.py", line 510, in buy
    order = self.client.okx_ccxt.create_market_buy_order(
        self.symbol,
        order_amount,
        {'posSide': 'long', 'reduceOnly': False}
    )
  File "C:\Users\neverleave\Desktop\量化策略\.venv\Lib\site-packages\ccxt\base\exchange.py", line 6185, in create_market_buy_order
    return self.create_order(symbol, 'market', 'buy', amount, None, params)
           ~~~~~~~~~~~~~~~~~^^^^^^^^^^
2026-01-21 22:54:20,811 - INFO - 
⏳ 等待60秒进入下一轮...
============================================================

2026-01-21 22:54:40,176 - INFO - 
🛑 用户手动终止策略
2026-01-21 22:54:40,176 - INFO - 
🔴 执行强制平仓...
2026-01-21 22:54:58,005 - INFO - ✅ 杠杆设置成功 | 10倍
2026-01-21 22:54:58,742 - INFO - ✅ 永续合约策略初始化完成
2026-01-21 22:54:58,742 - INFO - 交易对: BTC-USDT-SWAP | 杠杆: 10倍 | 仓位比例: 10.0%
2026-01-21 22:54:58,742 - INFO - ============================================================
2026-01-21 22:54:58,742 - INFO - 📈 OKX永续合约策略启动 | 2026-01-21 22:54:58
2026-01-21 22:54:58,742 - INFO - ============================================================

2026-01-21 22:54:59,300 - INFO - ✅ 获取K线 | 周期:1d | 数量:50
2026-01-21 22:54:59,651 - INFO - ✅ 实时价更新 | BTC-USDT-SWAP = 91014.50 USDT
2026-01-21 22:54:59,652 - INFO - ✅ 允许交易 | 当前价:91014.50 | 布林下轨:88019.38
2026-01-21 22:55:00,355 - INFO - ✅ 获取K线 | 周期:1h | 数量:300
2026-01-21 22:55:00,455 - INFO - ✅ 模型训练完成 | 上涨概率:48.75%
2026-01-21 22:55:00,464 - INFO - 📊 信号 | LR:43.82% | RF:39.36% | 加权:20.13%
2026-01-21 22:55:00,464 - INFO - 📢 收到开多信号，执行开多操作
2026-01-21 22:55:01,541 - INFO - ✅ 实时价更新 | BTC-USDT-SWAP = 91037.70 USDT
2026-01-21 22:55:01,904 - INFO - ✅ 获取账户余额 | USDT: 113173.87
2026-01-21 22:55:01,904 - WARNING - ⚠️ 下单量过小(0.0 BTC)，强制设为0.001 BTC
2026-01-21 22:55:01,904 - INFO - 📤 发送开多订单 | 数量: 0.001
2026-01-21 22:55:01,904 - ERROR - 开多异常: okx amount of BTC/USDT:USDT must be greater than minimum amount precision of 0.01
2026-01-21 22:55:01,908 - ERROR - Traceback (most recent call last):
  File "C:\Users\neverleave\Desktop\量化策略\main.py", line 510, in buy
    order = self.client.okx_ccxt.create_market_buy_order(
        self.symbol,
        order_amount,
        {'posSide': 'long', 'reduceOnly': False}
    )
  File "C:\Users\neverleave\Desktop\量化策略\.venv\Lib\site-packages\ccxt\base\exchange.py", line 6185, in create_market_buy_order
    return self.create_order(symbol, 'market', 'buy', amount, None, params)
           ~~~~~~~~~~~~~~~~~^^^^^^^^^^
2026-01-21 22:55:01,909 - INFO - 
⏳ 等待60秒进入下一轮...
============================================================

2026-01-21 22:55:13,148 - INFO - 
🛑 用户手动终止策略
2026-01-21 22:55:13,148 - INFO - 
🔴 执行强制平仓...
2026-01-21 22:55:22,673 - INFO - ✅ 杠杆设置成功 | 10倍
2026-01-21 22:55:23,414 - INFO - ✅ 永续合约策略初始化完成
2026-01-21 22:55:23,414 - INFO - 交易对: BTC-USDT-SWAP | 杠杆: 10倍 | 仓位比例: 10.0%
2026-01-21 22:55:23,414 - INFO - ============================================================
2026-01-21 22:55:23,414 - INFO - 📈 OKX永续合约策略启动 | 2026-01-21 22:55:23
2026-01-21 22:55:23,414 - INFO - ============================================================

2026-01-21 22:55:24,225 - INFO - ✅ 获取K线 | 周期:1d | 数量:50
2026-01-21 22:55:24,527 - INFO - ✅ 实时价更新 | BTC-USDT-SWAP = 91020.70 USDT
2026-01-21 22:55:24,527 - INFO - ✅ 允许交易 | 当前价:91020.70 | 布林下轨:88019.38
2026-01-21 22:55:25,490 - INFO - ✅ 获取K线 | 周期:1h | 数量:300
2026-01-21 22:55:25,589 - INFO - ✅ 模型训练完成 | 上涨概率:48.75%
2026-01-21 22:55:25,598 - INFO - 📊 信号 | LR:43.82% | RF:39.36% | 加权:20.13%
2026-01-21 22:55:25,598 - INFO - 📢 收到开多信号，执行开多操作
2026-01-21 22:55:26,471 - INFO - ✅ 实时价更新 | BTC-USDT-SWAP = 91019.60 USDT
2026-01-21 22:55:26,719 - INFO - ✅ 获取账户余额 | USDT: 113173.18
2026-01-21 22:55:26,719 - WARNING - ⚠️ 下单量过小(0.0 BTC)，强制设为0.001 BTC
2026-01-21 22:55:26,719 - INFO - 📤 发送开多订单 | 数量: 0.001
2026-01-21 22:55:26,719 - ERROR - 开多异常: okx amount of BTC/USDT:USDT must be greater than minimum amount precision of 0.01
2026-01-21 22:55:26,723 - ERROR - Traceback (most recent call last):
  File "C:\Users\neverleave\Desktop\量化策略\main.py", line 510, in buy
    order = self.client.okx_ccxt.create_market_buy_order(
        self.symbol,
        order_amount,
        {'posSide': 'long', 'reduceOnly': False}
    )
  File "C:\Users\neverleave\Desktop\量化策略\.venv\Lib\site-packages\ccxt\base\exchange.py", line 6185, in create_market_buy_order
    return self.create_order(symbol, 'market', 'buy', amount, None, params)
           ~~~~~~~~~~~~~~~~~^^^^^^^^^^
2026-01-21 22:55:26,723 - INFO - 
⏳ 等待60秒进入下一轮...
============================================================

2026-01-21 22:55:47,119 - INFO - 
🛑 用户手动终止策略
2026-01-21 22:55:47,119 - INFO - 
🔴 执行强制平仓...
2026-01-21 22:55:56,199 - INFO - ✅ 杠杆设置成功 | 10倍
2026-01-21 22:55:56,937 - INFO - ✅ 永续合约策略初始化完成
2026-01-21 22:55:56,937 - INFO - 交易对: BTC-USDT-SWAP | 杠杆: 10倍 | 仓位比例: 10.0%
2026-01-21 22:55:56,937 - INFO - ============================================================
2026-01-21 22:55:56,937 - INFO - 📈 OKX永续合约策略启动 | 2026-01-21 22:55:56
2026-01-21 22:55:56,937 - INFO - ============================================================

2026-01-21 22:55:57,175 - INFO - ✅ 获取K线 | 周期:1d | 数量:50
2026-01-21 22:55:57,645 - INFO - ✅ 实时价更新 | BTC-USDT-SWAP = 91012.20 USDT
2026-01-21 22:55:57,645 - INFO - ✅ 允许交易 | 当前价:91012.20 | 布林下轨:88019.38
2026-01-21 22:55:59,179 - INFO - ✅ 获取K线 | 周期:1h | 数量:300
2026-01-21 22:55:59,278 - INFO - ✅ 模型训练完成 | 上涨概率:48.75%
2026-01-21 22:55:59,286 - INFO - 📊 信号 | LR:43.82% | RF:39.36% | 加权:20.13%
2026-01-21 22:55:59,287 - INFO - 📢 收到开多信号，执行开多操作
2026-01-21 22:55:59,954 - INFO - ✅ 实时价更新 | BTC-USDT-SWAP = 91014.50 USDT
2026-01-21 22:56:00,345 - INFO - ✅ 获取账户余额 | USDT: 113173.18
2026-01-21 22:56:00,345 - INFO - 📊 仓位计算 | 余额: 113173.18 USDT | 下单金额: 11317.32 USDT | 数量: 0.124 BTC
2026-01-21 22:56:00,345 - INFO - 📤 发送开多订单 | 数量: 0.124
2026-01-21 22:56:00,745 - INFO - 📥 订单已提交 | 订单ID: 3238169104722169856
2026-01-21 22:56:01,911 - INFO - 🟢 开多成功 | 订单ID:3238169104722169856 | 均价:91014.50 | 数量:0.120 | 状态:closed
2026-01-21 22:56:02,596 - INFO - 
⏳ 等待60秒进入下一轮...
============================================================

2026-01-21 22:56:21,978 - INFO - 
🛑 用户手动终止策略
2026-01-21 22:56:21,978 - INFO - 
🔴 执行强制平仓...
2026-01-21 22:57:37,398 - INFO - ✅ 杠杆设置成功 | 10倍
2026-01-21 22:57:38,212 - INFO - ✅ 永续合约策略初始化完成
2026-01-21 22:57:38,212 - INFO - 交易对: BTC-USDT-SWAP | 杠杆: 10倍 | 仓位比例: 10.0%
2026-01-21 22:57:38,212 - INFO - ============================================================
2026-01-21 22:57:38,212 - INFO - 📈 OKX永续合约策略启动 | 2026-01-21 22:57:38
2026-01-21 22:57:38,212 - INFO - ============================================================

2026-01-21 22:57:38,490 - INFO - ✅ 获取K线 | 周期:1d | 数量:50
2026-01-21 22:57:39,031 - INFO - ✅ 实时价更新 | BTC-USDT-SWAP = 91000.00 USDT
2026-01-21 22:57:39,031 - INFO - ✅ 允许交易 | 当前价:91000.00 | 布林下轨:88019.38
2026-01-21 22:57:39,638 - INFO - ✅ 获取K线 | 周期:1h | 数量:300
2026-01-21 22:57:39,737 - INFO - ✅ 模型训练完成 | 上涨概率:48.75%
2026-01-21 22:57:39,746 - INFO - 📊 信号 | LR:43.82% | RF:39.36% | 加权:42.03%
2026-01-21 22:57:39,746 - INFO - 📢 收到开多信号，执行开多操作
2026-01-21 22:57:39,982 - INFO - ✅ 实时价更新 | BTC-USDT-SWAP = 91001.30 USDT
2026-01-21 22:57:40,231 - INFO - ✅ 获取账户余额 | USDT: 113173.11
2026-01-21 22:57:40,231 - INFO - 📊 仓位计算 | 余额: 113173.11 USDT | 下单金额: 11317.31 USDT | 数量: 0.124 BTC
2026-01-21 22:57:40,231 - INFO - 📤 发送开多订单 | 数量: 0.124
2026-01-21 22:57:40,758 - INFO - 📥 订单已提交 | 订单ID: 3238172464426782720
2026-01-21 22:57:41,292 - INFO - 🟢 开多成功 | 订单ID:3238172464426782720 | 均价:91003.60 | 数量:0.120 | 状态:closed
2026-01-21 22:57:41,847 - INFO - 
⏳ 等待60秒进入下一轮...
============================================================

2026-01-21 22:58:10,946 - INFO - 
🛑 用户手动终止策略
2026-01-21 22:58:10,946 - INFO - 
🔴 执行强制平仓...
2026-01-21 23:05:48,174 - INFO - ✅ 杠杆设置成功 | 10倍
2026-01-21 23:05:48,981 - INFO - ✅ 永续合约策略初始化完成
2026-01-21 23:05:48,982 - INFO - 交易对: BTC-USDT-SWAP | 杠杆: 10倍 | 仓位比例: 10.0%
2026-01-21 23:05:48,982 - INFO - ============================================================
2026-01-21 23:05:48,982 - INFO - 📈 OKX永续合约策略启动 | 2026-01-21 23:05:48
2026-01-21 23:05:48,982 - INFO - ============================================================

2026-01-21 23:05:49,253 - INFO - ✅ 获取K线 | 周期:1d | 数量:50
2026-01-21 23:05:49,538 - INFO - ✅ 实时价更新 | BTC-USDT-SWAP = 91006.40 USDT
2026-01-21 23:05:49,538 - INFO - ✅ 允许交易 | 当前价:91006.40 | 布林下轨:88019.38
2026-01-21 23:05:50,474 - INFO - ✅ 获取K线 | 周期:1h | 数量:300
2026-01-21 23:05:50,572 - INFO - ✅ 模型训练完成 | 上涨概率:49.11%
2026-01-21 23:05:50,581 - INFO - 📊 信号 | LR:48.65% | RF:12.55% | 加权:34.21%
2026-01-21 23:05:50,581 - INFO - 
⏳ 等待60秒进入下一轮...
============================================================

2026-01-21 23:06:10,949 - INFO - 
🛑 用户手动终止策略
2026-01-21 23:06:10,949 - INFO - 
🔴 执行强制平仓...
