2026-01-21 23:24:47 - OKX_Swap_Strategy - ERROR - ❌ CCXT市场数据加载失败: okx GET https://www.okx.com/api/v5/public/time
2026-01-21 23:24:49 - OKX_Swap_Strategy - ERROR - ❌ 杠杆设置失败: okx GET https://www.okx.com/api/v5/public/time
2026-01-21 23:24:50 - OKX_Swap_Strategy - INFO - ================================================================================
2026-01-21 23:24:50 - OKX_Swap_Strategy - INFO - ✅ 永续合约【仅做多】策略初始化完成
2026-01-21 23:24:50 - OKX_Swap_Strategy - INFO - 📋 交易对: BTC-USDT-SWAP | 杠杆: 10倍 | 持仓比例: 10.0%
2026-01-21 23:24:50 - OKX_Swap_Strategy - INFO - ================================================================================
2026-01-21 23:24:50 - OKX_Swap_Strategy - INFO - 
🚀 永续合约【仅做多】策略启动
2026-01-21 23:24:50 - OKX_Swap_Strategy - INFO - 📌 开始执行: train_model
2026-01-21 23:24:52 - OKX_Swap_Strategy - ERROR - ❌ 获取K线失败: okx GET https://www.okx.com/api/v5/public/time
2026-01-21 23:24:52 - OKX_Swap_Strategy - ERROR - ❌ K线数据不足，无法训练模型
2026-01-21 23:24:52 - OKX_Swap_Strategy - INFO - ✅ 执行成功: train_model
2026-01-21 23:24:52 - OKX_Swap_Strategy - INFO - 
==================== 第1轮策略循环 ====================
2026-01-21 23:24:54 - OKX_Swap_Strategy - WARNING - ⚠️ CCXT获取价格失败，使用原生API: okx GET https://www.okx.com/api/v5/public/time
2026-01-21 23:24:57 - OKX_Swap_Strategy - ERROR - ❌ 获取K线失败: okx GET https://www.okx.com/api/v5/public/time
2026-01-21 23:24:59 - OKX_Swap_Strategy - WARNING - ⚠️ 持仓查询失败，使用本地状态: okx GET https://www.okx.com/api/v5/public/time
2026-01-21 23:24:59 - OKX_Swap_Strategy - WARNING - ⚠️ 模型未训练，返回观望信号
2026-01-21 23:24:59 - OKX_Swap_Strategy - INFO - ⏳ 等待60秒进入下一轮...
2026-01-21 23:25:00 - OKX_Swap_Strategy - INFO - 
🛑 用户终止策略
2026-01-21 23:25:00 - OKX_Swap_Strategy - INFO - 📌 开始执行: close_long
2026-01-21 23:25:00 - OKX_Swap_Strategy - INFO - 📤 发送市价平仓订单 | 数量:0.000
2026-01-21 23:25:02 - OKX_Swap_Strategy - ERROR - ❌ 平仓失败: okx GET https://www.okx.com/api/v5/public/time
2026-01-21 23:25:02 - OKX_Swap_Strategy - INFO - ✅ 执行成功: close_long
2026-01-21 23:25:02 - OKX_Swap_Strategy - INFO - 
📊 最终交易统计
2026-01-21 23:25:02 - OKX_Swap_Strategy - INFO - 暂无交易记录
